<?xml version="1.0" encoding="UTF-8"?>
<testsuite name="com.ceying.chx.NcypBankFrontApplicationTests" time="0.007" tests="1" errors="1" skipped="0" failures="0">
  <properties>
[...]
</properties>
  <testcase name="initializationError" classname="com.ceying.chx.NcypBankFrontApplicationTests" time="0.007">
    <error message="Found multiple @SpringBootConfiguration annotated classes [Generic bean: class [com.ceying.chx.NcypBankFrontApplication]; scope=; abstract=false; lazyInit=false; autowireMode=0; dependencyCheck=0; autowireCandidate=true; primary=false; factoryBeanName=null; factoryMethodName=null; initMethodName=null; destroyMethodName=null; defined in file [E:\ceying\CeYingProject\spring-cloud\ncyp\ncyp-company\ncyp-company-front\target\classes\com\ceying\chx\NcypBankFrontApplication.class], Generic bean: class [com.ceying.chx.NcypBankCommonApplication]; scope=; abstract=false; lazyInit=false; autowireMode=0; dependencyCheck=0; autowireCandidate=true; primary=false; factoryBeanName=null; factoryMethodName=null; initMethodName=null; destroyMethodName=null; defined in URL [jar:file:/C:/Users/zhangdl/.m2/repository/com/ceying/chx/ncyp-company-common/1.0-SNAPSHOT/ncyp-company-common-1.0-SNAPSHOT.jar!/com/ceying/chx/NcypBankCommonApplication.class]]" type="java.lang.IllegalStateException"><![CDATA[java.lang.IllegalStateException: Found multiple @SpringBootConfiguration annotated classes [Generic bean: class [com.ceying.chx.NcypBankFrontApplication]; scope=; abstract=false; lazyInit=false; autowireMode=0; dependencyCheck=0; autowireCandidate=true; primary=false; factoryBeanName=null; factoryMethodName=null; initMethodName=null; destroyMethodName=null; defined in file [E:\ceying\CeYingProject\spring-cloud\ncyp\ncyp-company\ncyp-company-front\target\classes\com\ceying\chx\NcypBankFrontApplication.class], Generic bean: class [com.ceying.chx.NcypBankCommonApplication]; scope=; abstract=false; lazyInit=false; autowireMode=0; dependencyCheck=0; autowireCandidate=true; primary=false; factoryBeanName=null; factoryMethodName=null; initMethodName=null; destroyMethodName=null; defined in URL [jar:file:/C:/Users/zhangdl/.m2/repository/com/ceying/chx/ncyp-company-common/1.0-SNAPSHOT/ncyp-company-common-1.0-SNAPSHOT.jar!/com/ceying/chx/NcypBankCommonApplication.class]]
	at org.springframework.util.Assert.state(Assert.java:70)
	at org.springframework.boot.test.context.SpringBootConfigurationFinder.scanPackage(SpringBootConfigurationFinder.java:69)
	at org.springframework.boot.test.context.SpringBootConfigurationFinder.findFromPackage(SpringBootConfigurationFinder.java:59)
	at org.springframework.boot.test.context.SpringBootConfigurationFinder.findFromClass(SpringBootConfigurationFinder.java:52)
	at org.springframework.boot.test.context.SpringBootTestContextBootstrapper.getOrFindConfigurationClasses(SpringBootTestContextBootstrapper.java:201)
	at org.springframework.boot.test.context.SpringBootTestContextBootstrapper.processMergedContextConfiguration(SpringBootTestContextBootstrapper.java:137)
	at org.springframework.test.context.support.AbstractTestContextBootstrapper.buildMergedContextConfiguration(AbstractTestContextBootstrapper.java:409)
	at org.springframework.test.context.support.AbstractTestContextBootstrapper.buildDefaultMergedContextConfiguration(AbstractTestContextBootstrapper.java:323)
	at org.springframework.test.context.support.AbstractTestContextBootstrapper.buildMergedContextConfiguration(AbstractTestContextBootstrapper.java:277)
	at org.springframework.test.context.support.AbstractTestContextBootstrapper.buildTestContext(AbstractTestContextBootstrapper.java:112)
	at org.springframework.boot.test.context.SpringBootTestContextBootstrapper.buildTestContext(SpringBootTestContextBootstrapper.java:82)
	at org.springframework.test.context.TestContextManager.<init>(TestContextManager.java:120)
	at org.springframework.test.context.TestContextManager.<init>(TestContextManager.java:105)
	at org.springframework.test.context.junit4.SpringJUnit4ClassRunner.createTestContextManager(SpringJUnit4ClassRunner.java:152)
	at org.springframework.test.context.junit4.SpringJUnit4ClassRunner.<init>(SpringJUnit4ClassRunner.java:143)
	at org.springframework.test.context.junit4.SpringRunner.<init>(SpringRunner.java:49)
	at sun.reflect.NativeConstructorAccessorImpl.newInstance0(Native Method)
	at sun.reflect.NativeConstructorAccessorImpl.newInstance(NativeConstructorAccessorImpl.java:62)
	at sun.reflect.DelegatingConstructorAccessorImpl.newInstance(DelegatingConstructorAccessorImpl.java:45)
	at java.lang.reflect.Constructor.newInstance(Constructor.java:423)
	at org.junit.internal.builders.AnnotatedBuilder.buildRunner(AnnotatedBuilder.java:104)
	at org.junit.internal.builders.AnnotatedBuilder.runnerForClass(AnnotatedBuilder.java:86)
	at org.junit.runners.model.RunnerBuilder.safeRunnerForClass(RunnerBuilder.java:59)
	at org.junit.internal.builders.AllDefaultPossibilitiesBuilder.runnerForClass(AllDefaultPossibilitiesBuilder.java:26)
	at org.junit.runners.model.RunnerBuilder.safeRunnerForClass(RunnerBuilder.java:59)
	at org.junit.internal.requests.ClassRequest.getRunner(ClassRequest.java:33)
	at org.apache.maven.surefire.junit4.JUnit4Provider.execute(JUnit4Provider.java:283)
	at org.apache.maven.surefire.junit4.JUnit4Provider.executeWithRerun(JUnit4Provider.java:173)
	at org.apache.maven.surefire.junit4.JUnit4Provider.executeTestSet(JUnit4Provider.java:153)
	at org.apache.maven.surefire.junit4.JUnit4Provider.invoke(JUnit4Provider.java:128)
	at org.apache.maven.surefire.booter.ForkedBooter.invokeProviderInSameClassLoader(ForkedBooter.java:203)
	at org.apache.maven.surefire.booter.ForkedBooter.runSuitesInProcess(ForkedBooter.java:155)
	at org.apache.maven.surefire.booter.ForkedBooter.main(ForkedBooter.java:103)
]]></error>
    <system-out><![CDATA[12:33:04.170 [main] DEBUG org.springframework.test.context.junit4.SpringJUnit4ClassRunner - SpringJUnit4ClassRunner constructor called with [class com.ceying.chx.NcypBankFrontApplicationTests]
12:33:04.175 [main] DEBUG org.springframework.test.context.BootstrapUtils - Instantiating CacheAwareContextLoaderDelegate from class [org.springframework.test.context.cache.DefaultCacheAwareContextLoaderDelegate]
12:33:04.183 [main] DEBUG org.springframework.test.context.BootstrapUtils - Instantiating BootstrapContext using constructor [public org.springframework.test.context.support.DefaultBootstrapContext(java.lang.Class,org.springframework.test.context.CacheAwareContextLoaderDelegate)]
12:33:04.197 [main] DEBUG org.springframework.test.context.BootstrapUtils - Instantiating TestContextBootstrapper for test class [com.ceying.chx.NcypBankFrontApplicationTests] from class [org.springframework.boot.test.context.SpringBootTestContextBootstrapper]
12:33:04.208 [main] INFO org.springframework.boot.test.context.SpringBootTestContextBootstrapper - Neither @ContextConfiguration nor @ContextHierarchy found for test class [com.ceying.chx.NcypBankFrontApplicationTests], using SpringBootContextLoader
12:33:04.210 [main] DEBUG org.springframework.test.context.support.AbstractContextLoader - Did not detect default resource location for test class [com.ceying.chx.NcypBankFrontApplicationTests]: class path resource [com/ceying/chx/NcypBankFrontApplicationTests-context.xml] does not exist
12:33:04.211 [main] DEBUG org.springframework.test.context.support.AbstractContextLoader - Did not detect default resource location for test class [com.ceying.chx.NcypBankFrontApplicationTests]: class path resource [com/ceying/chx/NcypBankFrontApplicationTestsContext.groovy] does not exist
12:33:04.211 [main] INFO org.springframework.test.context.support.AbstractContextLoader - Could not detect default resource locations for test class [com.ceying.chx.NcypBankFrontApplicationTests]: no resource found for suffixes {-context.xml, Context.groovy}.
12:33:04.211 [main] INFO org.springframework.test.context.support.AnnotationConfigContextLoaderUtils - Could not detect default configuration classes for test class [com.ceying.chx.NcypBankFrontApplicationTests]: NcypBankFrontApplicationTests does not declare any static, non-private, non-final, nested classes annotated with @Configuration.
12:33:04.238 [main] DEBUG org.springframework.test.context.support.ActiveProfilesUtils - Could not find an 'annotation declaring class' for annotation type [org.springframework.test.context.ActiveProfiles] and class [com.ceying.chx.NcypBankFrontApplicationTests]
12:33:04.245 [main] DEBUG org.springframework.core.env.StandardEnvironment - Adding PropertySource 'systemProperties' with lowest search precedence
12:33:04.245 [main] DEBUG org.springframework.core.env.StandardEnvironment - Adding PropertySource 'systemEnvironment' with lowest search precedence
12:33:04.246 [main] DEBUG org.springframework.core.env.StandardEnvironment - Initialized StandardEnvironment with PropertySources [MapPropertySource@767010715 {name='systemProperties', properties={idea.version=2017.1.3, java.runtime.name=Java(TM) SE Runtime Environment, sun.boot.library.path=C:\Program Files\Java\jdk1.8.0_131\jre\bin, java.vm.version=25.131-b11, java.vm.vendor=Oracle Corporation, java.vendor.url=http://java.oracle.com/, path.separator=;, java.vm.name=Java HotSpot(TM) 64-Bit Server VM, file.encoding.pkg=sun.io, user.country=CN, user.script=, sun.java.launcher=SUN_STANDARD, sun.os.patch.level=, java.vm.specification.name=Java Virtual Machine Specification, user.dir=E:\ceying\CeYingProject\spring-cloud\ncyp\ncyp-company\ncyp-company-front, java.runtime.version=1.8.0_131-b11, basedir=E:\ceying\CeYingProject\spring-cloud\ncyp\ncyp-company\ncyp-company-front, java.awt.graphicsenv=sun.awt.Win32GraphicsEnvironment, java.endorsed.dirs=C:\Program Files\Java\jdk1.8.0_131\jre\lib\endorsed, os.arch=amd64, surefire.real.class.path=E:\ceying\CeYingProject\spring-cloud\ncyp\ncyp-company\ncyp-company-front\target\surefire\surefirebooter531193008672879427.jar, java.io.tmpdir=C:\Users\zhangdl\AppData\Local\Temp\, line.separator=
, java.vm.specification.vendor=Oracle Corporation, user.variant=, os.name=Windows 10, sun.jnu.encoding=GBK, java.library.path=C:\Program Files\Java\jdk1.8.0_131\jre\bin;C:\WINDOWS\Sun\Java\bin;C:\WINDOWS\system32;C:\WINDOWS;E:\app\zhangdl\product\11.2.0\dbhome_1\bin;C:\ProgramData\Oracle\Java\javapath;C:\Program Files (x86)\Intel\iCLS Client\;C:\Program Files\Intel\iCLS Client\;C:\Windows\system32;C:\Windows;C:\Windows\System32\Wbem;C:\Windows\System32\WindowsPowerShell\v1.0\;C:\Program Files (x86)\NVIDIA Corporation\PhysX\Common;C:\Program Files (x86)\Intel\Intel(R) Management Engine Components\DAL;C:\Program Files\Intel\Intel(R) Management Engine Components\DAL;C:\Program Files (x86)\Intel\Intel(R) Management Engine Components\IPT;C:\Program Files\Intel\Intel(R) Management Engine Components\IPT;C:\Program Files\Java\apache-maven-3.5.0\bin;C:\Program Files\Git\cmd;C:\Program Files\Java\jdk1.8.0_131\bin;C:\Program Files\Oracle\Client\Instant Client\bin;C:\Program Files (x86)\Tuxedo\bin;C:\Program Files\Oracle\Client\OraClient Lite\product\11.2.0\client_lite\bin;C:\Program Files (x86)\Oracle\Tuxedo\bin;C:\Program Files\TortoiseSVN\bin;C:\Program Files\nodejs\;C:\WINDOWS\system32;C:\WINDOWS;C:\WINDOWS\System32\Wbem;C:\WINDOWS\System32\WindowsPowerShell\v1.0\;C:\Program Files\Mysql\mysql\mysql-5.6.24-win32\bin;C:\Program Files\MySQL\MySQL Utilities 1.6\;C:\Program Files\Mysql\MySQL Server 5.7\bin;C:\Users\zhangdl\AppData\Local\atom\bin;C:\Users\zhangdl\AppData\Roaming\npm;C:\Users\zhangdl\AppData\Local\Microsoft\WindowsApps;C:\Program Files (x86)\Nmap;., surefire.test.class.path=E:\ceying\CeYingProject\spring-cloud\ncyp\ncyp-company\ncyp-company-front\target\test-classes;E:\ceying\CeYingProject\spring-cloud\ncyp\ncyp-company\ncyp-company-front\target\classes;C:\Users\zhangdl\.m2\repository\org\springframework\cloud\spring-cloud-starter-eureka\1.3.5.RELEASE\spring-cloud-starter-eureka-1.3.5.RELEASE.jar;C:\Users\zhangdl\.m2\repository\org\springframework\cloud\spring-cloud-starter\1.2.4.RELEASE\spring-cloud-starter-1.2.4.RELEASE.jar;C:\Users\zhangdl\.m2\repository\org\springframework\cloud\spring-cloud-context\1.2.4.RELEASE\spring-cloud-context-1.2.4.RELEASE.jar;C:\Users\zhangdl\.m2\repository\org\springframework\security\spring-security-rsa\1.0.3.RELEASE\spring-security-rsa-1.0.3.RELEASE.jar;C:\Users\zhangdl\.m2\repository\org\bouncycastle\bcpkix-jdk15on\1.55\bcpkix-jdk15on-1.55.jar;C:\Users\zhangdl\.m2\repository\org\bouncycastle\bcprov-jdk15on\1.55\bcprov-jdk15on-1.55.jar;C:\Users\zhangdl\.m2\repository\org\springframework\cloud\spring-cloud-netflix-core\1.3.5.RELEASE\spring-cloud-netflix-core-1.3.5.RELEASE.jar;C:\Users\zhangdl\.m2\repository\org\springframework\boot\spring-boot\1.5.9.RELEASE\spring-boot-1.5.9.RELEASE.jar;C:\Users\zhangdl\.m2\repository\org\springframework\boot\spring-boot-autoconfigure\1.5.9.RELEASE\spring-boot-autoconfigure-1.5.9.RELEASE.jar;C:\Users\zhangdl\.m2\repository\org\springframework\cloud\spring-cloud-netflix-eureka-client\1.3.5.RELEASE\spring-cloud-netflix-eureka-client-1.3.5.RELEASE.jar;C:\Users\zhangdl\.m2\repository\com\netflix\eureka\eureka-client\1.6.2\eureka-client-1.6.2.jar;C:\Users\zhangdl\.m2\repository\org\codehaus\jettison\jettison\1.3.7\jettison-1.3.7.jar;C:\Users\zhangdl\.m2\repository\stax\stax-api\1.0.1\stax-api-1.0.1.jar;C:\Users\zhangdl\.m2\repository\com\netflix\netflix-commons\netflix-eventbus\0.3.0\netflix-eventbus-0.3.0.jar;C:\Users\zhangdl\.m2\repository\com\netflix\netflix-commons\netflix-infix\0.3.0\netflix-infix-0.3.0.jar;C:\Users\zhangdl\.m2\repository\commons-jxpath\commons-jxpath\1.3\commons-jxpath-1.3.jar;C:\Users\zhangdl\.m2\repository\joda-time\joda-time\2.9.9\joda-time-2.9.9.jar;C:\Users\zhangdl\.m2\repository\org\antlr\antlr-runtime\3.4\antlr-runtime-3.4.jar;C:\Users\zhangdl\.m2\repository\org\antlr\stringtemplate\3.2.1\stringtemplate-3.2.1.jar;C:\Users\zhangdl\.m2\repository\antlr\antlr\2.7.7\antlr-2.7.7.jar;C:\Users\zhangdl\.m2\repository\com\google\code\gson\gson\2.8.2\gson-2.8.2.jar;C:\Users\zhangdl\.m2\repository\org\apache\commons\commons-math\2.2\commons-math-2.2.jar;C:\Users\zhangdl\.m2\repository\com\netflix\archaius\archaius-core\0.7.4\archaius-core-0.7.4.jar;C:\Users\zhangdl\.m2\repository\javax\ws\rs\jsr311-api\1.1.1\jsr311-api-1.1.1.jar;C:\Users\zhangdl\.m2\repository\com\netflix\servo\servo-core\0.10.1\servo-core-0.10.1.jar;C:\Users\zhangdl\.m2\repository\com\netflix\servo\servo-internal\0.10.1\servo-internal-0.10.1.jar;C:\Users\zhangdl\.m2\repository\com\sun\jersey\jersey-core\1.19.1\jersey-core-1.19.1.jar;C:\Users\zhangdl\.m2\repository\com\sun\jersey\jersey-client\1.19.1\jersey-client-1.19.1.jar;C:\Users\zhangdl\.m2\repository\com\sun\jersey\contribs\jersey-apache-client4\1.19.1\jersey-apache-client4-1.19.1.jar;C:\Users\zhangdl\.m2\repository\com\google\inject\guice\4.1.0\guice-4.1.0.jar;C:\Users\zhangdl\.m2\repository\aopalliance\aopalliance\1.0\aopalliance-1.0.jar;C:\Users\zhangdl\.m2\repository\com\fasterxml\jackson\core\jackson-annotations\2.8.0\jackson-annotations-2.8.0.jar;C:\Users\zhangdl\.m2\repository\com\fasterxml\jackson\core\jackson-core\2.8.10\jackson-core-2.8.10.jar;C:\Users\zhangdl\.m2\repository\com\netflix\eureka\eureka-core\1.6.2\eureka-core-1.6.2.jar;C:\Users\zhangdl\.m2\repository\org\codehaus\woodstox\woodstox-core-asl\4.4.1\woodstox-core-asl-4.4.1.jar;C:\Users\zhangdl\.m2\repository\javax\xml\stream\stax-api\1.0-2\stax-api-1.0-2.jar;C:\Users\zhangdl\.m2\repository\org\codehaus\woodstox\stax2-api\3.1.4\stax2-api-3.1.4.jar;C:\Users\zhangdl\.m2\repository\org\springframework\cloud\spring-cloud-starter-archaius\1.3.5.RELEASE\spring-cloud-starter-archaius-1.3.5.RELEASE.jar;C:\Users\zhangdl\.m2\repository\commons-configuration\commons-configuration\1.8\commons-configuration-1.8.jar;C:\Users\zhangdl\.m2\repository\com\google\guava\guava\18.0\guava-18.0.jar;C:\Users\zhangdl\.m2\repository\com\netflix\ribbon\ribbon-eureka\2.2.2\ribbon-eureka-2.2.2.jar;C:\Users\zhangdl\.m2\repository\org\slf4j\slf4j-api\1.7.25\slf4j-api-1.7.25.jar;C:\Users\zhangdl\.m2\repository\com\thoughtworks\xstream\xstream\1.4.9\xstream-1.4.9.jar;C:\Users\zhangdl\.m2\repository\xmlpull\xmlpull\1.1.3.1\xmlpull-1.1.3.1.jar;C:\Users\zhangdl\.m2\repository\xpp3\xpp3_min\1.1.4c\xpp3_min-1.1.4c.jar;C:\Users\zhangdl\.m2\repository\org\springframework\cloud\spring-cloud-starter-ribbon\1.3.5.RELEASE\spring-cloud-starter-ribbon-1.3.5.RELEASE.jar;C:\Users\zhangdl\.m2\repository\com\netflix\ribbon\ribbon\2.2.2\ribbon-2.2.2.jar;C:\Users\zhangdl\.m2\repository\com\netflix\ribbon\ribbon-transport\2.2.2\ribbon-transport-2.2.2.jar;C:\Users\zhangdl\.m2\repository\io\reactivex\rxnetty-contexts\0.4.9\rxnetty-contexts-0.4.9.jar;C:\Users\zhangdl\.m2\repository\io\reactivex\rxnetty-servo\0.4.9\rxnetty-servo-0.4.9.jar;C:\Users\zhangdl\.m2\repository\com\netflix\hystrix\hystrix-core\1.5.12\hystrix-core-1.5.12.jar;C:\Users\zhangdl\.m2\repository\org\hdrhistogram\HdrHistogram\2.1.9\HdrHistogram-2.1.9.jar;C:\Users\zhangdl\.m2\repository\javax\inject\javax.inject\1\javax.inject-1.jar;C:\Users\zhangdl\.m2\repository\io\reactivex\rxnetty\0.4.9\rxnetty-0.4.9.jar;C:\Users\zhangdl\.m2\repository\io\netty\netty-codec-http\4.0.27.Final\netty-codec-http-4.0.27.Final.jar;C:\Users\zhangdl\.m2\repository\io\netty\netty-codec\4.0.27.Final\netty-codec-4.0.27.Final.jar;C:\Users\zhangdl\.m2\repository\io\netty\netty-handler\4.0.27.Final\netty-handler-4.0.27.Final.jar;C:\Users\zhangdl\.m2\repository\io\netty\netty-transport-native-epoll\4.0.27.Final\netty-transport-native-epoll-4.0.27.Final.jar;C:\Users\zhangdl\.m2\repository\io\netty\netty-common\4.0.27.Final\netty-common-4.0.27.Final.jar;C:\Users\zhangdl\.m2\repository\io\netty\netty-buffer\4.0.27.Final\netty-buffer-4.0.27.Final.jar;C:\Users\zhangdl\.m2\repository\io\netty\netty-transport\4.0.27.Final\netty-transport-4.0.27.Final.jar;C:\Users\zhangdl\.m2\repository\com\netflix\ribbon\ribbon-core\2.2.2\ribbon-core-2.2.2.jar;C:\Users\zhangdl\.m2\repository\com\netflix\ribbon\ribbon-httpclient\2.2.2\ribbon-httpclient-2.2.2.jar;C:\Users\zhangdl\.m2\repository\commons-collections\commons-collections\3.2.2\commons-collections-3.2.2.jar;C:\Users\zhangdl\.m2\repository\com\netflix\netflix-commons\netflix-commons-util\0.1.1\netflix-commons-util-0.1.1.jar;C:\Users\zhangdl\.m2\repository\com\netflix\ribbon\ribbon-loadbalancer\2.2.2\ribbon-loadbalancer-2.2.2.jar;C:\Users\zhangdl\.m2\repository\com\netflix\netflix-commons\netflix-statistics\0.1.1\netflix-statistics-0.1.1.jar;C:\Users\zhangdl\.m2\repository\io\reactivex\rxjava\1.1.10\rxjava-1.1.10.jar;C:\Users\zhangdl\.m2\repository\org\springframework\boot\spring-boot-starter-web\1.5.9.RELEASE\spring-boot-starter-web-1.5.9.RELEASE.jar;C:\Users\zhangdl\.m2\repository\org\springframework\boot\spring-boot-starter\1.5.9.RELEASE\spring-boot-starter-1.5.9.RELEASE.jar;C:\Users\zhangdl\.m2\repository\org\springframework\boot\spring-boot-starter-logging\1.5.9.RELEASE\spring-boot-starter-logging-1.5.9.RELEASE.jar;C:\Users\zhangdl\.m2\repository\ch\qos\logback\logback-classic\1.1.11\logback-classic-1.1.11.jar;C:\Users\zhangdl\.m2\repository\ch\qos\logback\logback-core\1.1.11\logback-core-1.1.11.jar;C:\Users\zhangdl\.m2\repository\org\slf4j\jcl-over-slf4j\1.7.25\jcl-over-slf4j-1.7.25.jar;C:\Users\zhangdl\.m2\repository\org\slf4j\jul-to-slf4j\1.7.25\jul-to-slf4j-1.7.25.jar;C:\Users\zhangdl\.m2\repository\org\slf4j\log4j-over-slf4j\1.7.25\log4j-over-slf4j-1.7.25.jar;C:\Users\zhangdl\.m2\repository\org\yaml\snakeyaml\1.17\snakeyaml-1.17.jar;C:\Users\zhangdl\.m2\repository\org\hibernate\hibernate-validator\5.3.6.Final\hibernate-validator-5.3.6.Final.jar;C:\Users\zhangdl\.m2\repository\org\jboss\logging\jboss-logging\3.3.1.Final\jboss-logging-3.3.1.Final.jar;C:\Users\zhangdl\.m2\repository\com\fasterxml\classmate\1.3.4\classmate-1.3.4.jar;C:\Users\zhangdl\.m2\repository\com\fasterxml\jackson\core\jackson-databind\2.8.10\jackson-databind-2.8.10.jar;C:\Users\zhangdl\.m2\repository\org\springframework\spring-web\4.3.13.RELEASE\spring-web-4.3.13.RELEASE.jar;C:\Users\zhangdl\.m2\repository\org\springframework\spring-aop\4.3.13.RELEASE\spring-aop-4.3.13.RELEASE.jar;C:\Users\zhangdl\.m2\repository\org\springframework\spring-beans\4.3.13.RELEASE\spring-beans-4.3.13.RELEASE.jar;C:\Users\zhangdl\.m2\repository\org\springframework\spring-webmvc\4.3.13.RELEASE\spring-webmvc-4.3.13.RELEASE.jar;C:\Users\zhangdl\.m2\repository\org\springframework\spring-expression\4.3.13.RELEASE\spring-expression-4.3.13.RELEASE.jar;C:\Users\zhangdl\.m2\repository\org\springframework\boot\spring-boot-starter-test\1.5.9.RELEASE\spring-boot-starter-test-1.5.9.RELEASE.jar;C:\Users\zhangdl\.m2\repository\org\springframework\boot\spring-boot-test\1.5.9.RELEASE\spring-boot-test-1.5.9.RELEASE.jar;C:\Users\zhangdl\.m2\repository\org\springframework\boot\spring-boot-test-autoconfigure\1.5.9.RELEASE\spring-boot-test-autoconfigure-1.5.9.RELEASE.jar;C:\Users\zhangdl\.m2\repository\com\jayway\jsonpath\json-path\2.2.0\json-path-2.2.0.jar;C:\Users\zhangdl\.m2\repository\net\minidev\json-smart\2.2.1\json-smart-2.2.1.jar;C:\Users\zhangdl\.m2\repository\net\minidev\accessors-smart\1.1\accessors-smart-1.1.jar;C:\Users\zhangdl\.m2\repository\org\ow2\asm\asm\5.0.3\asm-5.0.3.jar;C:\Users\zhangdl\.m2\repository\junit\junit\4.12\junit-4.12.jar;C:\Users\zhangdl\.m2\repository\org\assertj\assertj-core\2.6.0\assertj-core-2.6.0.jar;C:\Users\zhangdl\.m2\repository\org\mockito\mockito-core\1.10.19\mockito-core-1.10.19.jar;C:\Users\zhangdl\.m2\repository\org\objenesis\objenesis\2.1\objenesis-2.1.jar;C:\Users\zhangdl\.m2\repository\org\hamcrest\hamcrest-core\1.3\hamcrest-core-1.3.jar;C:\Users\zhangdl\.m2\repository\org\hamcrest\hamcrest-library\1.3\hamcrest-library-1.3.jar;C:\Users\zhangdl\.m2\repository\org\skyscreamer\jsonassert\1.4.0\jsonassert-1.4.0.jar;C:\Users\zhangdl\.m2\repository\com\vaadin\external\google\android-json\0.0.20131108.vaadin1\android-json-0.0.20131108.vaadin1.jar;C:\Users\zhangdl\.m2\repository\org\springframework\spring-core\4.3.13.RELEASE\spring-core-4.3.13.RELEASE.jar;C:\Users\zhangdl\.m2\repository\org\springframework\spring-test\4.3.13.RELEASE\spring-test-4.3.13.RELEASE.jar;C:\Users\zhangdl\.m2\repository\org\springframework\cloud\spring-cloud-commons\1.3.2.RELEASE\spring-cloud-commons-1.3.2.RELEASE.jar;C:\Users\zhangdl\.m2\repository\org\springframework\security\spring-security-crypto\4.2.3.RELEASE\spring-security-crypto-4.2.3.RELEASE.jar;C:\Users\zhangdl\.m2\repository\org\apache\httpcomponents\httpclient\4.5.3\httpclient-4.5.3.jar;C:\Users\zhangdl\.m2\repository\org\apache\httpcomponents\httpcore\4.4.8\httpcore-4.4.8.jar;C:\Users\zhangdl\.m2\repository\com\alibaba\fastjson\1.2.4\fastjson-1.2.4.jar;C:\Users\zhangdl\.m2\repository\com\ceying\chx\ncyp-company-common\1.0-SNAPSHOT\ncyp-company-common-1.0-SNAPSHOT.jar;C:\Users\zhangdl\.m2\repository\org\springframework\spring-context\4.3.13.RELEASE\spring-context-4.3.13.RELEASE.jar;C:\Users\zhangdl\.m2\repository\org\springframework\boot\spring-boot-starter-data-redis\1.5.9.RELEASE\spring-boot-starter-data-redis-1.5.9.RELEASE.jar;C:\Users\zhangdl\.m2\repository\org\springframework\data\spring-data-redis\1.8.9.RELEASE\spring-data-redis-1.8.9.RELEASE.jar;C:\Users\zhangdl\.m2\repository\org\springframework\data\spring-data-keyvalue\1.2.9.RELEASE\spring-data-keyvalue-1.2.9.RELEASE.jar;C:\Users\zhangdl\.m2\repository\org\springframework\data\spring-data-commons\1.13.9.RELEASE\spring-data-commons-1.13.9.RELEASE.jar;C:\Users\zhangdl\.m2\repository\org\springframework\spring-tx\4.3.13.RELEASE\spring-tx-4.3.13.RELEASE.jar;C:\Users\zhangdl\.m2\repository\org\springframework\spring-oxm\4.3.13.RELEASE\spring-oxm-4.3.13.RELEASE.jar;C:\Users\zhangdl\.m2\repository\org\springframework\spring-context-support\4.3.13.RELEASE\spring-context-support-4.3.13.RELEASE.jar;C:\Users\zhangdl\.m2\repository\redis\clients\jedis\2.9.0\jedis-2.9.0.jar;C:\Users\zhangdl\.m2\repository\org\apache\commons\commons-pool2\2.4.3\commons-pool2-2.4.3.jar;C:\Users\zhangdl\.m2\repository\com\auth0\java-jwt\2.2.0\java-jwt-2.2.0.jar;C:\Users\zhangdl\.m2\repository\commons-io\commons-io\1.3.2\commons-io-1.3.2.jar;C:\Users\zhangdl\.m2\repository\io\jsonwebtoken\jjwt\0.7.0\jjwt-0.7.0.jar;C:\Users\zhangdl\.m2\repository\org\mybatis\mybatis\3.4.5\mybatis-3.4.5.jar;C:\Users\zhangdl\.m2\repository\log4j\log4j\1.2.17\log4j-1.2.17.jar;C:\Users\zhangdl\.m2\repository\commons-lang\commons-lang\2.4\commons-lang-2.4.jar;C:\Users\zhangdl\.m2\repository\commons-codec\commons-codec\1.10\commons-codec-1.10.jar;C:\Users\zhangdl\.m2\repository\javax\validation\validation-api\1.1.0.Final\validation-api-1.1.0.Final.jar;C:\Users\zhangdl\.m2\repository\org\apache\tomcat\embed\tomcat-embed-jasper\8.5.23\tomcat-embed-jasper-8.5.23.jar;C:\Users\zhangdl\.m2\repository\org\apache\tomcat\embed\tomcat-embed-core\8.5.23\tomcat-embed-core-8.5.23.jar;C:\Users\zhangdl\.m2\repository\org\apache\tomcat\tomcat-annotations-api\8.5.23\tomcat-annotations-api-8.5.23.jar;C:\Users\zhangdl\.m2\repository\org\apache\tomcat\embed\tomcat-embed-el\8.5.23\tomcat-embed-el-8.5.23.jar;C:\Users\zhangdl\.m2\repository\org\eclipse\jdt\ecj\3.12.3\ecj-3.12.3.jar;C:\Users\zhangdl\.m2\repository\org\springframework\boot\spring-boot-starter-tomcat\1.5.9.RELEASE\spring-boot-starter-tomcat-1.5.9.RELEASE.jar;C:\Users\zhangdl\.m2\repository\org\apache\tomcat\embed\tomcat-embed-websocket\8.5.23\tomcat-embed-websocket-8.5.23.jar;C:\Users\zhangdl\.m2\repository\javax\servlet\servlet-api\2.5\servlet-api-2.5.jar;C:\Users\zhangdl\.m2\repository\javax\servlet\jstl\1.2\jstl-1.2.jar;C:\Users\zhangdl\.m2\repository\org\springframework\session\spring-session\1.3.1.RELEASE\spring-session-1.3.1.RELEASE.jar;, java.specification.name=Java Platform API Specification, java.class.version=52.0, sun.management.compiler=HotSpot 64-Bit Tiered Compilers, os.version=10.0, user.home=C:\Users\zhangdl, user.timezone=Asia/Shanghai, java.awt.printerjob=sun.awt.windows.WPrinterJob, file.encoding=GBK, java.specification.version=1.8, java.class.path=E:\ceying\CeYingProject\spring-cloud\ncyp\ncyp-company\ncyp-company-front\target\test-classes;E:\ceying\CeYingProject\spring-cloud\ncyp\ncyp-company\ncyp-company-front\target\classes;C:\Users\zhangdl\.m2\repository\org\springframework\cloud\spring-cloud-starter-eureka\1.3.5.RELEASE\spring-cloud-starter-eureka-1.3.5.RELEASE.jar;C:\Users\zhangdl\.m2\repository\org\springframework\cloud\spring-cloud-starter\1.2.4.RELEASE\spring-cloud-starter-1.2.4.RELEASE.jar;C:\Users\zhangdl\.m2\repository\org\springframework\cloud\spring-cloud-context\1.2.4.RELEASE\spring-cloud-context-1.2.4.RELEASE.jar;C:\Users\zhangdl\.m2\repository\org\springframework\security\spring-security-rsa\1.0.3.RELEASE\spring-security-rsa-1.0.3.RELEASE.jar;C:\Users\zhangdl\.m2\repository\org\bouncycastle\bcpkix-jdk15on\1.55\bcpkix-jdk15on-1.55.jar;C:\Users\zhangdl\.m2\repository\org\bouncycastle\bcprov-jdk15on\1.55\bcprov-jdk15on-1.55.jar;C:\Users\zhangdl\.m2\repository\org\springframework\cloud\spring-cloud-netflix-core\1.3.5.RELEASE\spring-cloud-netflix-core-1.3.5.RELEASE.jar;C:\Users\zhangdl\.m2\repository\org\springframework\boot\spring-boot\1.5.9.RELEASE\spring-boot-1.5.9.RELEASE.jar;C:\Users\zhangdl\.m2\repository\org\springframework\boot\spring-boot-autoconfigure\1.5.9.RELEASE\spring-boot-autoconfigure-1.5.9.RELEASE.jar;C:\Users\zhangdl\.m2\repository\org\springframework\cloud\spring-cloud-netflix-eureka-client\1.3.5.RELEASE\spring-cloud-netflix-eureka-client-1.3.5.RELEASE.jar;C:\Users\zhangdl\.m2\repository\com\netflix\eureka\eureka-client\1.6.2\eureka-client-1.6.2.jar;C:\Users\zhangdl\.m2\repository\org\codehaus\jettison\jettison\1.3.7\jettison-1.3.7.jar;C:\Users\zhangdl\.m2\repository\stax\stax-api\1.0.1\stax-api-1.0.1.jar;C:\Users\zhangdl\.m2\repository\com\netflix\netflix-commons\netflix-eventbus\0.3.0\netflix-eventbus-0.3.0.jar;C:\Users\zhangdl\.m2\repository\com\netflix\netflix-commons\netflix-infix\0.3.0\netflix-infix-0.3.0.jar;C:\Users\zhangdl\.m2\repository\commons-jxpath\commons-jxpath\1.3\commons-jxpath-1.3.jar;C:\Users\zhangdl\.m2\repository\joda-time\joda-time\2.9.9\joda-time-2.9.9.jar;C:\Users\zhangdl\.m2\repository\org\antlr\antlr-runtime\3.4\antlr-runtime-3.4.jar;C:\Users\zhangdl\.m2\repository\org\antlr\stringtemplate\3.2.1\stringtemplate-3.2.1.jar;C:\Users\zhangdl\.m2\repository\antlr\antlr\2.7.7\antlr-2.7.7.jar;C:\Users\zhangdl\.m2\repository\com\google\code\gson\gson\2.8.2\gson-2.8.2.jar;C:\Users\zhangdl\.m2\repository\org\apache\commons\commons-math\2.2\commons-math-2.2.jar;C:\Users\zhangdl\.m2\repository\com\netflix\archaius\archaius-core\0.7.4\archaius-core-0.7.4.jar;C:\Users\zhangdl\.m2\repository\javax\ws\rs\jsr311-api\1.1.1\jsr311-api-1.1.1.jar;C:\Users\zhangdl\.m2\repository\com\netflix\servo\servo-core\0.10.1\servo-core-0.10.1.jar;C:\Users\zhangdl\.m2\repository\com\netflix\servo\servo-internal\0.10.1\servo-internal-0.10.1.jar;C:\Users\zhangdl\.m2\repository\com\sun\jersey\jersey-core\1.19.1\jersey-core-1.19.1.jar;C:\Users\zhangdl\.m2\repository\com\sun\jersey\jersey-client\1.19.1\jersey-client-1.19.1.jar;C:\Users\zhangdl\.m2\repository\com\sun\jersey\contribs\jersey-apache-client4\1.19.1\jersey-apache-client4-1.19.1.jar;C:\Users\zhangdl\.m2\repository\com\google\inject\guice\4.1.0\guice-4.1.0.jar;C:\Users\zhangdl\.m2\repository\aopalliance\aopalliance\1.0\aopalliance-1.0.jar;C:\Users\zhangdl\.m2\repository\com\fasterxml\jackson\core\jackson-annotations\2.8.0\jackson-annotations-2.8.0.jar;C:\Users\zhangdl\.m2\repository\com\fasterxml\jackson\core\jackson-core\2.8.10\jackson-core-2.8.10.jar;C:\Users\zhangdl\.m2\repository\com\netflix\eureka\eureka-core\1.6.2\eureka-core-1.6.2.jar;C:\Users\zhangdl\.m2\repository\org\codehaus\woodstox\woodstox-core-asl\4.4.1\woodstox-core-asl-4.4.1.jar;C:\Users\zhangdl\.m2\repository\javax\xml\stream\stax-api\1.0-2\stax-api-1.0-2.jar;C:\Users\zhangdl\.m2\repository\org\codehaus\woodstox\stax2-api\3.1.4\stax2-api-3.1.4.jar;C:\Users\zhangdl\.m2\repository\org\springframework\cloud\spring-cloud-starter-archaius\1.3.5.RELEASE\spring-cloud-starter-archaius-1.3.5.RELEASE.jar;C:\Users\zhangdl\.m2\repository\commons-configuration\commons-configuration\1.8\commons-configuration-1.8.jar;C:\Users\zhangdl\.m2\repository\com\google\guava\guava\18.0\guava-18.0.jar;C:\Users\zhangdl\.m2\repository\com\netflix\ribbon\ribbon-eureka\2.2.2\ribbon-eureka-2.2.2.jar;C:\Users\zhangdl\.m2\repository\org\slf4j\slf4j-api\1.7.25\slf4j-api-1.7.25.jar;C:\Users\zhangdl\.m2\repository\com\thoughtworks\xstream\xstream\1.4.9\xstream-1.4.9.jar;C:\Users\zhangdl\.m2\repository\xmlpull\xmlpull\1.1.3.1\xmlpull-1.1.3.1.jar;C:\Users\zhangdl\.m2\repository\xpp3\xpp3_min\1.1.4c\xpp3_min-1.1.4c.jar;C:\Users\zhangdl\.m2\repository\org\springframework\cloud\spring-cloud-starter-ribbon\1.3.5.RELEASE\spring-cloud-starter-ribbon-1.3.5.RELEASE.jar;C:\Users\zhangdl\.m2\repository\com\netflix\ribbon\ribbon\2.2.2\ribbon-2.2.2.jar;C:\Users\zhangdl\.m2\repository\com\netflix\ribbon\ribbon-transport\2.2.2\ribbon-transport-2.2.2.jar;C:\Users\zhangdl\.m2\repository\io\reactivex\rxnetty-contexts\0.4.9\rxnetty-contexts-0.4.9.jar;C:\Users\zhangdl\.m2\repository\io\reactivex\rxnetty-servo\0.4.9\rxnetty-servo-0.4.9.jar;C:\Users\zhangdl\.m2\repository\com\netflix\hystrix\hystrix-core\1.5.12\hystrix-core-1.5.12.jar;C:\Users\zhangdl\.m2\repository\org\hdrhistogram\HdrHistogram\2.1.9\HdrHistogram-2.1.9.jar;C:\Users\zhangdl\.m2\repository\javax\inject\javax.inject\1\javax.inject-1.jar;C:\Users\zhangdl\.m2\repository\io\reactivex\rxnetty\0.4.9\rxnetty-0.4.9.jar;C:\Users\zhangdl\.m2\repository\io\netty\netty-codec-http\4.0.27.Final\netty-codec-http-4.0.27.Final.jar;C:\Users\zhangdl\.m2\repository\io\netty\netty-codec\4.0.27.Final\netty-codec-4.0.27.Final.jar;C:\Users\zhangdl\.m2\repository\io\netty\netty-handler\4.0.27.Final\netty-handler-4.0.27.Final.jar;C:\Users\zhangdl\.m2\repository\io\netty\netty-transport-native-epoll\4.0.27.Final\netty-transport-native-epoll-4.0.27.Final.jar;C:\Users\zhangdl\.m2\repository\io\netty\netty-common\4.0.27.Final\netty-common-4.0.27.Final.jar;C:\Users\zhangdl\.m2\repository\io\netty\netty-buffer\4.0.27.Final\netty-buffer-4.0.27.Final.jar;C:\Users\zhangdl\.m2\repository\io\netty\netty-transport\4.0.27.Final\netty-transport-4.0.27.Final.jar;C:\Users\zhangdl\.m2\repository\com\netflix\ribbon\ribbon-core\2.2.2\ribbon-core-2.2.2.jar;C:\Users\zhangdl\.m2\repository\com\netflix\ribbon\ribbon-httpclient\2.2.2\ribbon-httpclient-2.2.2.jar;C:\Users\zhangdl\.m2\repository\commons-collections\commons-collections\3.2.2\commons-collections-3.2.2.jar;C:\Users\zhangdl\.m2\repository\com\netflix\netflix-commons\netflix-commons-util\0.1.1\netflix-commons-util-0.1.1.jar;C:\Users\zhangdl\.m2\repository\com\netflix\ribbon\ribbon-loadbalancer\2.2.2\ribbon-loadbalancer-2.2.2.jar;C:\Users\zhangdl\.m2\repository\com\netflix\netflix-commons\netflix-statistics\0.1.1\netflix-statistics-0.1.1.jar;C:\Users\zhangdl\.m2\repository\io\reactivex\rxjava\1.1.10\rxjava-1.1.10.jar;C:\Users\zhangdl\.m2\repository\org\springframework\boot\spring-boot-starter-web\1.5.9.RELEASE\spring-boot-starter-web-1.5.9.RELEASE.jar;C:\Users\zhangdl\.m2\repository\org\springframework\boot\spring-boot-starter\1.5.9.RELEASE\spring-boot-starter-1.5.9.RELEASE.jar;C:\Users\zhangdl\.m2\repository\org\springframework\boot\spring-boot-starter-logging\1.5.9.RELEASE\spring-boot-starter-logging-1.5.9.RELEASE.jar;C:\Users\zhangdl\.m2\repository\ch\qos\logback\logback-classic\1.1.11\logback-classic-1.1.11.jar;C:\Users\zhangdl\.m2\repository\ch\qos\logback\logback-core\1.1.11\logback-core-1.1.11.jar;C:\Users\zhangdl\.m2\repository\org\slf4j\jcl-over-slf4j\1.7.25\jcl-over-slf4j-1.7.25.jar;C:\Users\zhangdl\.m2\repository\org\slf4j\jul-to-slf4j\1.7.25\jul-to-slf4j-1.7.25.jar;C:\Users\zhangdl\.m2\repository\org\slf4j\log4j-over-slf4j\1.7.25\log4j-over-slf4j-1.7.25.jar;C:\Users\zhangdl\.m2\repository\org\yaml\snakeyaml\1.17\snakeyaml-1.17.jar;C:\Users\zhangdl\.m2\repository\org\hibernate\hibernate-validator\5.3.6.Final\hibernate-validator-5.3.6.Final.jar;C:\Users\zhangdl\.m2\repository\org\jboss\logging\jboss-logging\3.3.1.Final\jboss-logging-3.3.1.Final.jar;C:\Users\zhangdl\.m2\repository\com\fasterxml\classmate\1.3.4\classmate-1.3.4.jar;C:\Users\zhangdl\.m2\repository\com\fasterxml\jackson\core\jackson-databind\2.8.10\jackson-databind-2.8.10.jar;C:\Users\zhangdl\.m2\repository\org\springframework\spring-web\4.3.13.RELEASE\spring-web-4.3.13.RELEASE.jar;C:\Users\zhangdl\.m2\repository\org\springframework\spring-aop\4.3.13.RELEASE\spring-aop-4.3.13.RELEASE.jar;C:\Users\zhangdl\.m2\repository\org\springframework\spring-beans\4.3.13.RELEASE\spring-beans-4.3.13.RELEASE.jar;C:\Users\zhangdl\.m2\repository\org\springframework\spring-webmvc\4.3.13.RELEASE\spring-webmvc-4.3.13.RELEASE.jar;C:\Users\zhangdl\.m2\repository\org\springframework\spring-expression\4.3.13.RELEASE\spring-expression-4.3.13.RELEASE.jar;C:\Users\zhangdl\.m2\repository\org\springframework\boot\spring-boot-starter-test\1.5.9.RELEASE\spring-boot-starter-test-1.5.9.RELEASE.jar;C:\Users\zhangdl\.m2\repository\org\springframework\boot\spring-boot-test\1.5.9.RELEASE\spring-boot-test-1.5.9.RELEASE.jar;C:\Users\zhangdl\.m2\repository\org\springframework\boot\spring-boot-test-autoconfigure\1.5.9.RELEASE\spring-boot-test-autoconfigure-1.5.9.RELEASE.jar;C:\Users\zhangdl\.m2\repository\com\jayway\jsonpath\json-path\2.2.0\json-path-2.2.0.jar;C:\Users\zhangdl\.m2\repository\net\minidev\json-smart\2.2.1\json-smart-2.2.1.jar;C:\Users\zhangdl\.m2\repository\net\minidev\accessors-smart\1.1\accessors-smart-1.1.jar;C:\Users\zhangdl\.m2\repository\org\ow2\asm\asm\5.0.3\asm-5.0.3.jar;C:\Users\zhangdl\.m2\repository\junit\junit\4.12\junit-4.12.jar;C:\Users\zhangdl\.m2\repository\org\assertj\assertj-core\2.6.0\assertj-core-2.6.0.jar;C:\Users\zhangdl\.m2\repository\org\mockito\mockito-core\1.10.19\mockito-core-1.10.19.jar;C:\Users\zhangdl\.m2\repository\org\objenesis\objenesis\2.1\objenesis-2.1.jar;C:\Users\zhangdl\.m2\repository\org\hamcrest\hamcrest-core\1.3\hamcrest-core-1.3.jar;C:\Users\zhangdl\.m2\repository\org\hamcrest\hamcrest-library\1.3\hamcrest-library-1.3.jar;C:\Users\zhangdl\.m2\repository\org\skyscreamer\jsonassert\1.4.0\jsonassert-1.4.0.jar;C:\Users\zhangdl\.m2\repository\com\vaadin\external\google\android-json\0.0.20131108.vaadin1\android-json-0.0.20131108.vaadin1.jar;C:\Users\zhangdl\.m2\repository\org\springframework\spring-core\4.3.13.RELEASE\spring-core-4.3.13.RELEASE.jar;C:\Users\zhangdl\.m2\repository\org\springframework\spring-test\4.3.13.RELEASE\spring-test-4.3.13.RELEASE.jar;C:\Users\zhangdl\.m2\repository\org\springframework\cloud\spring-cloud-commons\1.3.2.RELEASE\spring-cloud-commons-1.3.2.RELEASE.jar;C:\Users\zhangdl\.m2\repository\org\springframework\security\spring-security-crypto\4.2.3.RELEASE\spring-security-crypto-4.2.3.RELEASE.jar;C:\Users\zhangdl\.m2\repository\org\apache\httpcomponents\httpclient\4.5.3\httpclient-4.5.3.jar;C:\Users\zhangdl\.m2\repository\org\apache\httpcomponents\httpcore\4.4.8\httpcore-4.4.8.jar;C:\Users\zhangdl\.m2\repository\com\alibaba\fastjson\1.2.4\fastjson-1.2.4.jar;C:\Users\zhangdl\.m2\repository\com\ceying\chx\ncyp-company-common\1.0-SNAPSHOT\ncyp-company-common-1.0-SNAPSHOT.jar;C:\Users\zhangdl\.m2\repository\org\springframework\spring-context\4.3.13.RELEASE\spring-context-4.3.13.RELEASE.jar;C:\Users\zhangdl\.m2\repository\org\springframework\boot\spring-boot-starter-data-redis\1.5.9.RELEASE\spring-boot-starter-data-redis-1.5.9.RELEASE.jar;C:\Users\zhangdl\.m2\repository\org\springframework\data\spring-data-redis\1.8.9.RELEASE\spring-data-redis-1.8.9.RELEASE.jar;C:\Users\zhangdl\.m2\repository\org\springframework\data\spring-data-keyvalue\1.2.9.RELEASE\spring-data-keyvalue-1.2.9.RELEASE.jar;C:\Users\zhangdl\.m2\repository\org\springframework\data\spring-data-commons\1.13.9.RELEASE\spring-data-commons-1.13.9.RELEASE.jar;C:\Users\zhangdl\.m2\repository\org\springframework\spring-tx\4.3.13.RELEASE\spring-tx-4.3.13.RELEASE.jar;C:\Users\zhangdl\.m2\repository\org\springframework\spring-oxm\4.3.13.RELEASE\spring-oxm-4.3.13.RELEASE.jar;C:\Users\zhangdl\.m2\repository\org\springframework\spring-context-support\4.3.13.RELEASE\spring-context-support-4.3.13.RELEASE.jar;C:\Users\zhangdl\.m2\repository\redis\clients\jedis\2.9.0\jedis-2.9.0.jar;C:\Users\zhangdl\.m2\repository\org\apache\commons\commons-pool2\2.4.3\commons-pool2-2.4.3.jar;C:\Users\zhangdl\.m2\repository\com\auth0\java-jwt\2.2.0\java-jwt-2.2.0.jar;C:\Users\zhangdl\.m2\repository\commons-io\commons-io\1.3.2\commons-io-1.3.2.jar;C:\Users\zhangdl\.m2\repository\io\jsonwebtoken\jjwt\0.7.0\jjwt-0.7.0.jar;C:\Users\zhangdl\.m2\repository\org\mybatis\mybatis\3.4.5\mybatis-3.4.5.jar;C:\Users\zhangdl\.m2\repository\log4j\log4j\1.2.17\log4j-1.2.17.jar;C:\Users\zhangdl\.m2\repository\commons-lang\commons-lang\2.4\commons-lang-2.4.jar;C:\Users\zhangdl\.m2\repository\commons-codec\commons-codec\1.10\commons-codec-1.10.jar;C:\Users\zhangdl\.m2\repository\javax\validation\validation-api\1.1.0.Final\validation-api-1.1.0.Final.jar;C:\Users\zhangdl\.m2\repository\org\apache\tomcat\embed\tomcat-embed-jasper\8.5.23\tomcat-embed-jasper-8.5.23.jar;C:\Users\zhangdl\.m2\repository\org\apache\tomcat\embed\tomcat-embed-core\8.5.23\tomcat-embed-core-8.5.23.jar;C:\Users\zhangdl\.m2\repository\org\apache\tomcat\tomcat-annotations-api\8.5.23\tomcat-annotations-api-8.5.23.jar;C:\Users\zhangdl\.m2\repository\org\apache\tomcat\embed\tomcat-embed-el\8.5.23\tomcat-embed-el-8.5.23.jar;C:\Users\zhangdl\.m2\repository\org\eclipse\jdt\ecj\3.12.3\ecj-3.12.3.jar;C:\Users\zhangdl\.m2\repository\org\springframework\boot\spring-boot-starter-tomcat\1.5.9.RELEASE\spring-boot-starter-tomcat-1.5.9.RELEASE.jar;C:\Users\zhangdl\.m2\repository\org\apache\tomcat\embed\tomcat-embed-websocket\8.5.23\tomcat-embed-websocket-8.5.23.jar;C:\Users\zhangdl\.m2\repository\javax\servlet\servlet-api\2.5\servlet-api-2.5.jar;C:\Users\zhangdl\.m2\repository\javax\servlet\jstl\1.2\jstl-1.2.jar;C:\Users\zhangdl\.m2\repository\org\springframework\session\spring-session\1.3.1.RELEASE\spring-session-1.3.1.RELEASE.jar;, user.name=zhangdl, java.vm.specification.version=1.8, sun.java.command=E:\ceying\CeYingProject\spring-cloud\ncyp\ncyp-company\ncyp-company-front\target\surefire\surefirebooter531193008672879427.jar E:\ceying\CeYingProject\spring-cloud\ncyp\ncyp-company\ncyp-company-front\target\surefire\surefire6938078705551643779tmp E:\ceying\CeYingProject\spring-cloud\ncyp\ncyp-company\ncyp-company-front\target\surefire\surefire_04688283204229678830tmp, java.home=C:\Program Files\Java\jdk1.8.0_131\jre, sun.arch.data.model=64, user.language=zh, java.specification.vendor=Oracle Corporation, awt.toolkit=sun.awt.windows.WToolkit, java.vm.info=mixed mode, java.version=1.8.0_131, java.ext.dirs=C:\Program Files\Java\jdk1.8.0_131\jre\lib\ext;C:\WINDOWS\Sun\Java\lib\ext, sun.boot.class.path=C:\Program Files\Java\jdk1.8.0_131\jre\lib\resources.jar;C:\Program Files\Java\jdk1.8.0_131\jre\lib\rt.jar;C:\Program Files\Java\jdk1.8.0_131\jre\lib\sunrsasign.jar;C:\Program Files\Java\jdk1.8.0_131\jre\lib\jsse.jar;C:\Program Files\Java\jdk1.8.0_131\jre\lib\jce.jar;C:\Program Files\Java\jdk1.8.0_131\jre\lib\charsets.jar;C:\Program Files\Java\jdk1.8.0_131\jre\lib\jfr.jar;C:\Program Files\Java\jdk1.8.0_131\jre\classes, java.vendor=Oracle Corporation, localRepository=C:\Users\zhangdl\.m2\repository, file.separator=\, java.vendor.url.bug=http://bugreport.sun.com/bugreport/, sun.io.unicode.encoding=UnicodeLittle, sun.cpu.endian=little, sun.desktop=windows, sun.cpu.isalist=amd64}}, SystemEnvironmentPropertySource@110431793 {name='systemEnvironment', properties={PATH=E:\app\zhangdl\product\11.2.0\dbhome_1\bin;C:\ProgramData\Oracle\Java\javapath;C:\Program Files (x86)\Intel\iCLS Client\;C:\Program Files\Intel\iCLS Client\;C:\Windows\system32;C:\Windows;C:\Windows\System32\Wbem;C:\Windows\System32\WindowsPowerShell\v1.0\;C:\Program Files (x86)\NVIDIA Corporation\PhysX\Common;C:\Program Files (x86)\Intel\Intel(R) Management Engine Components\DAL;C:\Program Files\Intel\Intel(R) Management Engine Components\DAL;C:\Program Files (x86)\Intel\Intel(R) Management Engine Components\IPT;C:\Program Files\Intel\Intel(R) Management Engine Components\IPT;C:\Program Files\Java\apache-maven-3.5.0\bin;C:\Program Files\Git\cmd;C:\Program Files\Java\jdk1.8.0_131\bin;C:\Program Files\Oracle\Client\Instant Client\bin;C:\Program Files (x86)\Tuxedo\bin;C:\Program Files\Oracle\Client\OraClient Lite\product\11.2.0\client_lite\bin;C:\Program Files (x86)\Oracle\Tuxedo\bin;C:\Program Files\TortoiseSVN\bin;C:\Program Files\nodejs\;C:\WINDOWS\system32;C:\WINDOWS;C:\WINDOWS\System32\Wbem;C:\WINDOWS\System32\WindowsPowerShell\v1.0\;C:\Program Files\Mysql\mysql\mysql-5.6.24-win32\bin;C:\Program Files\MySQL\MySQL Utilities 1.6\;C:\Program Files\Mysql\MySQL Server 5.7\bin;C:\Users\zhangdl\AppData\Local\atom\bin;C:\Users\zhangdl\AppData\Roaming\npm;C:\Users\zhangdl\AppData\Local\Microsoft\WindowsApps;C:\Program Files (x86)\Nmap, USERDOMAIN_ROAMINGPROFILE=DESKTOP-T3SJHTA, LOCALAPPDATA=C:\Users\zhangdl\AppData\Local, PROCESSOR_LEVEL=6, SYSTEMDRIVE=C:, COMMONPROGRAMFILES(X86)=C:\Program Files (x86)\Common Files, USERDOMAIN=DESKTOP-T3SJHTA, LOGONSERVER=\\DESKTOP-T3SJHTA, JAVA_HOME=C:\Program Files\Java\jdk1.8.0_131, PROMPT=$P$G, ALLUSERSPROFILE=C:\ProgramData, PROGRAMFILES(X86)=C:\Program Files (x86), PROCESSOR_ARCHITECTURE=AMD64, __COMPAT_LAYER=RunAsAdmin, ERLANG_HOME=C:\Program Files\erl9.0, =E:=E:\ceying\CeYingProject\spring-cloud\ncyp\ncyp-company\ncyp-company-front, MAVEN_HOME=C:\Program Files\Java\apache-maven-3.5.0, PROGRAMFILES=C:\Program Files, APPDATA=C:\Users\zhangdl\AppData\Roaming, PSMODULEPATH=C:\Program Files\WindowsPowerShell\Modules;C:\WINDOWS\system32\WindowsPowerShell\v1.0\Modules, PROGRAMW6432=C:\Program Files, PROGRAMDATA=C:\ProgramData, SYSTEMROOT=C:\WINDOWS, USERNAME=zhangdl, ONEDRIVE=C:\Users\zhangdl\OneDrive, PATHEXT=.COM;.EXE;.BAT;.CMD;.VBS;.VBE;.JS;.JSE;.WSF;.WSH;.MSC, OS=Windows_NT, COMMONPROGRAMW6432=C:\Program Files\Common Files, COMPUTERNAME=DESKTOP-T3SJHTA, COMMONPROGRAMFILES=C:\Program Files\Common Files, COMSPEC=C:\WINDOWS\system32\cmd.exe, WSNADDR=//127.0.0.1:8088, PROCESSOR_REVISION=9e09, CLASSPATH=.;C:\Program Files\Java\jdk1.8.0_131\lib\dt.jar;C:\Program Files\Java\jdk1.8.0_131\lib\tools.jar;, NLS_LANG=SIMPLIFIED CHINESE_CHINA.ZHS16GBK, WINDIR=C:\WINDOWS, RABBITMQ_SERVER=C:\Program Files\Java\RabbitMQ\rabbitmq_server-3.7.3, HOMEPATH=\Users\zhangdl, TEMP=C:\Users\zhangdl\AppData\Local\Temp, MYSQL_HOME=C:\Program Files\Mysql\MySQL Server 5.7, HOMEDRIVE=C:, PROCESSOR_IDENTIFIER=Intel64 Family 6 Model 158 Stepping 9, GenuineIntel, USERPROFILE=C:\Users\zhangdl, TMP=C:\Users\zhangdl\AppData\Local\Temp, PUBLIC=C:\Users\Public, NUMBER_OF_PROCESSORS=8, TUXDIR=C:\Program Files (x86)\Oracle\Tuxedo\}}]
12:33:04.259 [main] DEBUG org.springframework.core.io.support.PathMatchingResourcePatternResolver - Resolved classpath location [com/ceying/chx/] to resources [URL [file:/E:/ceying/CeYingProject/spring-cloud/ncyp/ncyp-company/ncyp-company-front/target/test-classes/com/ceying/chx/], URL [file:/E:/ceying/CeYingProject/spring-cloud/ncyp/ncyp-company/ncyp-company-front/target/classes/com/ceying/chx/], URL [jar:file:/C:/Users/zhangdl/.m2/repository/com/ceying/chx/ncyp-company-common/1.0-SNAPSHOT/ncyp-company-common-1.0-SNAPSHOT.jar!/com/ceying/chx/]]
12:33:04.259 [main] DEBUG org.springframework.core.io.support.PathMatchingResourcePatternResolver - Looking for matching resources in directory tree [E:\ceying\CeYingProject\spring-cloud\ncyp\ncyp-company\ncyp-company-front\target\test-classes\com\ceying\chx]
12:33:04.259 [main] DEBUG org.springframework.core.io.support.PathMatchingResourcePatternResolver - Searching directory [E:\ceying\CeYingProject\spring-cloud\ncyp\ncyp-company\ncyp-company-front\target\test-classes\com\ceying\chx] for files matching pattern [E:/ceying/CeYingProject/spring-cloud/ncyp/ncyp-company/ncyp-company-front/target/test-classes/com/ceying/chx/*.class]
12:33:04.261 [main] DEBUG org.springframework.core.io.support.PathMatchingResourcePatternResolver - Looking for matching resources in directory tree [E:\ceying\CeYingProject\spring-cloud\ncyp\ncyp-company\ncyp-company-front\target\classes\com\ceying\chx]
12:33:04.261 [main] DEBUG org.springframework.core.io.support.PathMatchingResourcePatternResolver - Searching directory [E:\ceying\CeYingProject\spring-cloud\ncyp\ncyp-company\ncyp-company-front\target\classes\com\ceying\chx] for files matching pattern [E:/ceying/CeYingProject/spring-cloud/ncyp/ncyp-company/ncyp-company-front/target/classes/com/ceying/chx/*.class]
12:33:04.262 [main] DEBUG org.springframework.core.io.support.PathMatchingResourcePatternResolver - Looking for matching resources in jar file [file:/C:/Users/zhangdl/.m2/repository/com/ceying/chx/ncyp-company-common/1.0-SNAPSHOT/ncyp-company-common-1.0-SNAPSHOT.jar]
12:33:04.263 [main] DEBUG org.springframework.core.io.support.PathMatchingResourcePatternResolver - Resolved location pattern [classpath*:com/ceying/chx/*.class] to resources [file [E:\ceying\CeYingProject\spring-cloud\ncyp\ncyp-company\ncyp-company-front\target\test-classes\com\ceying\chx\NcypBankFrontApplicationTests.class], file [E:\ceying\CeYingProject\spring-cloud\ncyp\ncyp-company\ncyp-company-front\target\classes\com\ceying\chx\NcypBankFrontApplication.class], URL [jar:file:/C:/Users/zhangdl/.m2/repository/com/ceying/chx/ncyp-company-common/1.0-SNAPSHOT/ncyp-company-common-1.0-SNAPSHOT.jar!/com/ceying/chx/NcypBankCommonApplication.class]]
12:33:04.300 [main] DEBUG org.springframework.context.annotation.ClassPathScanningCandidateComponentProvider - Identified candidate component class: file [E:\ceying\CeYingProject\spring-cloud\ncyp\ncyp-company\ncyp-company-front\target\classes\com\ceying\chx\NcypBankFrontApplication.class]
12:33:04.302 [main] DEBUG org.springframework.context.annotation.ClassPathScanningCandidateComponentProvider - Identified candidate component class: URL [jar:file:/C:/Users/zhangdl/.m2/repository/com/ceying/chx/ncyp-company-common/1.0-SNAPSHOT/ncyp-company-common-1.0-SNAPSHOT.jar!/com/ceying/chx/NcypBankCommonApplication.class]
12:33:04.305 [main] DEBUG org.springframework.test.context.junit4.SpringJUnit4ClassRunner - SpringJUnit4ClassRunner constructor called with [class com.ceying.chx.NcypBankFrontApplicationTests]
12:33:04.305 [main] DEBUG org.springframework.test.context.BootstrapUtils - Instantiating CacheAwareContextLoaderDelegate from class [org.springframework.test.context.cache.DefaultCacheAwareContextLoaderDelegate]
12:33:04.305 [main] DEBUG org.springframework.test.context.BootstrapUtils - Instantiating BootstrapContext using constructor [public org.springframework.test.context.support.DefaultBootstrapContext(java.lang.Class,org.springframework.test.context.CacheAwareContextLoaderDelegate)]
12:33:04.306 [main] DEBUG org.springframework.test.context.BootstrapUtils - Instantiating TestContextBootstrapper for test class [com.ceying.chx.NcypBankFrontApplicationTests] from class [org.springframework.boot.test.context.SpringBootTestContextBootstrapper]
12:33:04.306 [main] INFO org.springframework.boot.test.context.SpringBootTestContextBootstrapper - Neither @ContextConfiguration nor @ContextHierarchy found for test class [com.ceying.chx.NcypBankFrontApplicationTests], using SpringBootContextLoader
12:33:04.306 [main] DEBUG org.springframework.test.context.support.AbstractContextLoader - Did not detect default resource location for test class [com.ceying.chx.NcypBankFrontApplicationTests]: class path resource [com/ceying/chx/NcypBankFrontApplicationTests-context.xml] does not exist
12:33:04.307 [main] DEBUG org.springframework.test.context.support.AbstractContextLoader - Did not detect default resource location for test class [com.ceying.chx.NcypBankFrontApplicationTests]: class path resource [com/ceying/chx/NcypBankFrontApplicationTestsContext.groovy] does not exist
12:33:04.307 [main] INFO org.springframework.test.context.support.AbstractContextLoader - Could not detect default resource locations for test class [com.ceying.chx.NcypBankFrontApplicationTests]: no resource found for suffixes {-context.xml, Context.groovy}.
12:33:04.307 [main] INFO org.springframework.test.context.support.AnnotationConfigContextLoaderUtils - Could not detect default configuration classes for test class [com.ceying.chx.NcypBankFrontApplicationTests]: NcypBankFrontApplicationTests does not declare any static, non-private, non-final, nested classes annotated with @Configuration.
12:33:04.312 [main] DEBUG org.springframework.test.context.support.ActiveProfilesUtils - Could not find an 'annotation declaring class' for annotation type [org.springframework.test.context.ActiveProfiles] and class [com.ceying.chx.NcypBankFrontApplicationTests]
12:33:04.312 [main] DEBUG org.springframework.core.env.StandardEnvironment - Adding PropertySource 'systemProperties' with lowest search precedence
12:33:04.312 [main] DEBUG org.springframework.core.env.StandardEnvironment - Adding PropertySource 'systemEnvironment' with lowest search precedence
12:33:04.313 [main] DEBUG org.springframework.core.env.StandardEnvironment - Initialized StandardEnvironment with PropertySources [MapPropertySource@433874882 {name='systemProperties', properties={idea.version=2017.1.3, java.runtime.name=Java(TM) SE Runtime Environment, sun.boot.library.path=C:\Program Files\Java\jdk1.8.0_131\jre\bin, java.vm.version=25.131-b11, java.vm.vendor=Oracle Corporation, java.vendor.url=http://java.oracle.com/, path.separator=;, java.vm.name=Java HotSpot(TM) 64-Bit Server VM, file.encoding.pkg=sun.io, user.country=CN, user.script=, sun.java.launcher=SUN_STANDARD, sun.os.patch.level=, java.vm.specification.name=Java Virtual Machine Specification, user.dir=E:\ceying\CeYingProject\spring-cloud\ncyp\ncyp-company\ncyp-company-front, java.runtime.version=1.8.0_131-b11, basedir=E:\ceying\CeYingProject\spring-cloud\ncyp\ncyp-company\ncyp-company-front, java.awt.graphicsenv=sun.awt.Win32GraphicsEnvironment, java.endorsed.dirs=C:\Program Files\Java\jdk1.8.0_131\jre\lib\endorsed, os.arch=amd64, surefire.real.class.path=E:\ceying\CeYingProject\spring-cloud\ncyp\ncyp-company\ncyp-company-front\target\surefire\surefirebooter531193008672879427.jar, java.io.tmpdir=C:\Users\zhangdl\AppData\Local\Temp\, line.separator=
, java.vm.specification.vendor=Oracle Corporation, user.variant=, os.name=Windows 10, sun.jnu.encoding=GBK, java.library.path=C:\Program Files\Java\jdk1.8.0_131\jre\bin;C:\WINDOWS\Sun\Java\bin;C:\WINDOWS\system32;C:\WINDOWS;E:\app\zhangdl\product\11.2.0\dbhome_1\bin;C:\ProgramData\Oracle\Java\javapath;C:\Program Files (x86)\Intel\iCLS Client\;C:\Program Files\Intel\iCLS Client\;C:\Windows\system32;C:\Windows;C:\Windows\System32\Wbem;C:\Windows\System32\WindowsPowerShell\v1.0\;C:\Program Files (x86)\NVIDIA Corporation\PhysX\Common;C:\Program Files (x86)\Intel\Intel(R) Management Engine Components\DAL;C:\Program Files\Intel\Intel(R) Management Engine Components\DAL;C:\Program Files (x86)\Intel\Intel(R) Management Engine Components\IPT;C:\Program Files\Intel\Intel(R) Management Engine Components\IPT;C:\Program Files\Java\apache-maven-3.5.0\bin;C:\Program Files\Git\cmd;C:\Program Files\Java\jdk1.8.0_131\bin;C:\Program Files\Oracle\Client\Instant Client\bin;C:\Program Files (x86)\Tuxedo\bin;C:\Program Files\Oracle\Client\OraClient Lite\product\11.2.0\client_lite\bin;C:\Program Files (x86)\Oracle\Tuxedo\bin;C:\Program Files\TortoiseSVN\bin;C:\Program Files\nodejs\;C:\WINDOWS\system32;C:\WINDOWS;C:\WINDOWS\System32\Wbem;C:\WINDOWS\System32\WindowsPowerShell\v1.0\;C:\Program Files\Mysql\mysql\mysql-5.6.24-win32\bin;C:\Program Files\MySQL\MySQL Utilities 1.6\;C:\Program Files\Mysql\MySQL Server 5.7\bin;C:\Users\zhangdl\AppData\Local\atom\bin;C:\Users\zhangdl\AppData\Roaming\npm;C:\Users\zhangdl\AppData\Local\Microsoft\WindowsApps;C:\Program Files (x86)\Nmap;., surefire.test.class.path=E:\ceying\CeYingProject\spring-cloud\ncyp\ncyp-company\ncyp-company-front\target\test-classes;E:\ceying\CeYingProject\spring-cloud\ncyp\ncyp-company\ncyp-company-front\target\classes;C:\Users\zhangdl\.m2\repository\org\springframework\cloud\spring-cloud-starter-eureka\1.3.5.RELEASE\spring-cloud-starter-eureka-1.3.5.RELEASE.jar;C:\Users\zhangdl\.m2\repository\org\springframework\cloud\spring-cloud-starter\1.2.4.RELEASE\spring-cloud-starter-1.2.4.RELEASE.jar;C:\Users\zhangdl\.m2\repository\org\springframework\cloud\spring-cloud-context\1.2.4.RELEASE\spring-cloud-context-1.2.4.RELEASE.jar;C:\Users\zhangdl\.m2\repository\org\springframework\security\spring-security-rsa\1.0.3.RELEASE\spring-security-rsa-1.0.3.RELEASE.jar;C:\Users\zhangdl\.m2\repository\org\bouncycastle\bcpkix-jdk15on\1.55\bcpkix-jdk15on-1.55.jar;C:\Users\zhangdl\.m2\repository\org\bouncycastle\bcprov-jdk15on\1.55\bcprov-jdk15on-1.55.jar;C:\Users\zhangdl\.m2\repository\org\springframework\cloud\spring-cloud-netflix-core\1.3.5.RELEASE\spring-cloud-netflix-core-1.3.5.RELEASE.jar;C:\Users\zhangdl\.m2\repository\org\springframework\boot\spring-boot\1.5.9.RELEASE\spring-boot-1.5.9.RELEASE.jar;C:\Users\zhangdl\.m2\repository\org\springframework\boot\spring-boot-autoconfigure\1.5.9.RELEASE\spring-boot-autoconfigure-1.5.9.RELEASE.jar;C:\Users\zhangdl\.m2\repository\org\springframework\cloud\spring-cloud-netflix-eureka-client\1.3.5.RELEASE\spring-cloud-netflix-eureka-client-1.3.5.RELEASE.jar;C:\Users\zhangdl\.m2\repository\com\netflix\eureka\eureka-client\1.6.2\eureka-client-1.6.2.jar;C:\Users\zhangdl\.m2\repository\org\codehaus\jettison\jettison\1.3.7\jettison-1.3.7.jar;C:\Users\zhangdl\.m2\repository\stax\stax-api\1.0.1\stax-api-1.0.1.jar;C:\Users\zhangdl\.m2\repository\com\netflix\netflix-commons\netflix-eventbus\0.3.0\netflix-eventbus-0.3.0.jar;C:\Users\zhangdl\.m2\repository\com\netflix\netflix-commons\netflix-infix\0.3.0\netflix-infix-0.3.0.jar;C:\Users\zhangdl\.m2\repository\commons-jxpath\commons-jxpath\1.3\commons-jxpath-1.3.jar;C:\Users\zhangdl\.m2\repository\joda-time\joda-time\2.9.9\joda-time-2.9.9.jar;C:\Users\zhangdl\.m2\repository\org\antlr\antlr-runtime\3.4\antlr-runtime-3.4.jar;C:\Users\zhangdl\.m2\repository\org\antlr\stringtemplate\3.2.1\stringtemplate-3.2.1.jar;C:\Users\zhangdl\.m2\repository\antlr\antlr\2.7.7\antlr-2.7.7.jar;C:\Users\zhangdl\.m2\repository\com\google\code\gson\gson\2.8.2\gson-2.8.2.jar;C:\Users\zhangdl\.m2\repository\org\apache\commons\commons-math\2.2\commons-math-2.2.jar;C:\Users\zhangdl\.m2\repository\com\netflix\archaius\archaius-core\0.7.4\archaius-core-0.7.4.jar;C:\Users\zhangdl\.m2\repository\javax\ws\rs\jsr311-api\1.1.1\jsr311-api-1.1.1.jar;C:\Users\zhangdl\.m2\repository\com\netflix\servo\servo-core\0.10.1\servo-core-0.10.1.jar;C:\Users\zhangdl\.m2\repository\com\netflix\servo\servo-internal\0.10.1\servo-internal-0.10.1.jar;C:\Users\zhangdl\.m2\repository\com\sun\jersey\jersey-core\1.19.1\jersey-core-1.19.1.jar;C:\Users\zhangdl\.m2\repository\com\sun\jersey\jersey-client\1.19.1\jersey-client-1.19.1.jar;C:\Users\zhangdl\.m2\repository\com\sun\jersey\contribs\jersey-apache-client4\1.19.1\jersey-apache-client4-1.19.1.jar;C:\Users\zhangdl\.m2\repository\com\google\inject\guice\4.1.0\guice-4.1.0.jar;C:\Users\zhangdl\.m2\repository\aopalliance\aopalliance\1.0\aopalliance-1.0.jar;C:\Users\zhangdl\.m2\repository\com\fasterxml\jackson\core\jackson-annotations\2.8.0\jackson-annotations-2.8.0.jar;C:\Users\zhangdl\.m2\repository\com\fasterxml\jackson\core\jackson-core\2.8.10\jackson-core-2.8.10.jar;C:\Users\zhangdl\.m2\repository\com\netflix\eureka\eureka-core\1.6.2\eureka-core-1.6.2.jar;C:\Users\zhangdl\.m2\repository\org\codehaus\woodstox\woodstox-core-asl\4.4.1\woodstox-core-asl-4.4.1.jar;C:\Users\zhangdl\.m2\repository\javax\xml\stream\stax-api\1.0-2\stax-api-1.0-2.jar;C:\Users\zhangdl\.m2\repository\org\codehaus\woodstox\stax2-api\3.1.4\stax2-api-3.1.4.jar;C:\Users\zhangdl\.m2\repository\org\springframework\cloud\spring-cloud-starter-archaius\1.3.5.RELEASE\spring-cloud-starter-archaius-1.3.5.RELEASE.jar;C:\Users\zhangdl\.m2\repository\commons-configuration\commons-configuration\1.8\commons-configuration-1.8.jar;C:\Users\zhangdl\.m2\repository\com\google\guava\guava\18.0\guava-18.0.jar;C:\Users\zhangdl\.m2\repository\com\netflix\ribbon\ribbon-eureka\2.2.2\ribbon-eureka-2.2.2.jar;C:\Users\zhangdl\.m2\repository\org\slf4j\slf4j-api\1.7.25\slf4j-api-1.7.25.jar;C:\Users\zhangdl\.m2\repository\com\thoughtworks\xstream\xstream\1.4.9\xstream-1.4.9.jar;C:\Users\zhangdl\.m2\repository\xmlpull\xmlpull\1.1.3.1\xmlpull-1.1.3.1.jar;C:\Users\zhangdl\.m2\repository\xpp3\xpp3_min\1.1.4c\xpp3_min-1.1.4c.jar;C:\Users\zhangdl\.m2\repository\org\springframework\cloud\spring-cloud-starter-ribbon\1.3.5.RELEASE\spring-cloud-starter-ribbon-1.3.5.RELEASE.jar;C:\Users\zhangdl\.m2\repository\com\netflix\ribbon\ribbon\2.2.2\ribbon-2.2.2.jar;C:\Users\zhangdl\.m2\repository\com\netflix\ribbon\ribbon-transport\2.2.2\ribbon-transport-2.2.2.jar;C:\Users\zhangdl\.m2\repository\io\reactivex\rxnetty-contexts\0.4.9\rxnetty-contexts-0.4.9.jar;C:\Users\zhangdl\.m2\repository\io\reactivex\rxnetty-servo\0.4.9\rxnetty-servo-0.4.9.jar;C:\Users\zhangdl\.m2\repository\com\netflix\hystrix\hystrix-core\1.5.12\hystrix-core-1.5.12.jar;C:\Users\zhangdl\.m2\repository\org\hdrhistogram\HdrHistogram\2.1.9\HdrHistogram-2.1.9.jar;C:\Users\zhangdl\.m2\repository\javax\inject\javax.inject\1\javax.inject-1.jar;C:\Users\zhangdl\.m2\repository\io\reactivex\rxnetty\0.4.9\rxnetty-0.4.9.jar;C:\Users\zhangdl\.m2\repository\io\netty\netty-codec-http\4.0.27.Final\netty-codec-http-4.0.27.Final.jar;C:\Users\zhangdl\.m2\repository\io\netty\netty-codec\4.0.27.Final\netty-codec-4.0.27.Final.jar;C:\Users\zhangdl\.m2\repository\io\netty\netty-handler\4.0.27.Final\netty-handler-4.0.27.Final.jar;C:\Users\zhangdl\.m2\repository\io\netty\netty-transport-native-epoll\4.0.27.Final\netty-transport-native-epoll-4.0.27.Final.jar;C:\Users\zhangdl\.m2\repository\io\netty\netty-common\4.0.27.Final\netty-common-4.0.27.Final.jar;C:\Users\zhangdl\.m2\repository\io\netty\netty-buffer\4.0.27.Final\netty-buffer-4.0.27.Final.jar;C:\Users\zhangdl\.m2\repository\io\netty\netty-transport\4.0.27.Final\netty-transport-4.0.27.Final.jar;C:\Users\zhangdl\.m2\repository\com\netflix\ribbon\ribbon-core\2.2.2\ribbon-core-2.2.2.jar;C:\Users\zhangdl\.m2\repository\com\netflix\ribbon\ribbon-httpclient\2.2.2\ribbon-httpclient-2.2.2.jar;C:\Users\zhangdl\.m2\repository\commons-collections\commons-collections\3.2.2\commons-collections-3.2.2.jar;C:\Users\zhangdl\.m2\repository\com\netflix\netflix-commons\netflix-commons-util\0.1.1\netflix-commons-util-0.1.1.jar;C:\Users\zhangdl\.m2\repository\com\netflix\ribbon\ribbon-loadbalancer\2.2.2\ribbon-loadbalancer-2.2.2.jar;C:\Users\zhangdl\.m2\repository\com\netflix\netflix-commons\netflix-statistics\0.1.1\netflix-statistics-0.1.1.jar;C:\Users\zhangdl\.m2\repository\io\reactivex\rxjava\1.1.10\rxjava-1.1.10.jar;C:\Users\zhangdl\.m2\repository\org\springframework\boot\spring-boot-starter-web\1.5.9.RELEASE\spring-boot-starter-web-1.5.9.RELEASE.jar;C:\Users\zhangdl\.m2\repository\org\springframework\boot\spring-boot-starter\1.5.9.RELEASE\spring-boot-starter-1.5.9.RELEASE.jar;C:\Users\zhangdl\.m2\repository\org\springframework\boot\spring-boot-starter-logging\1.5.9.RELEASE\spring-boot-starter-logging-1.5.9.RELEASE.jar;C:\Users\zhangdl\.m2\repository\ch\qos\logback\logback-classic\1.1.11\logback-classic-1.1.11.jar;C:\Users\zhangdl\.m2\repository\ch\qos\logback\logback-core\1.1.11\logback-core-1.1.11.jar;C:\Users\zhangdl\.m2\repository\org\slf4j\jcl-over-slf4j\1.7.25\jcl-over-slf4j-1.7.25.jar;C:\Users\zhangdl\.m2\repository\org\slf4j\jul-to-slf4j\1.7.25\jul-to-slf4j-1.7.25.jar;C:\Users\zhangdl\.m2\repository\org\slf4j\log4j-over-slf4j\1.7.25\log4j-over-slf4j-1.7.25.jar;C:\Users\zhangdl\.m2\repository\org\yaml\snakeyaml\1.17\snakeyaml-1.17.jar;C:\Users\zhangdl\.m2\repository\org\hibernate\hibernate-validator\5.3.6.Final\hibernate-validator-5.3.6.Final.jar;C:\Users\zhangdl\.m2\repository\org\jboss\logging\jboss-logging\3.3.1.Final\jboss-logging-3.3.1.Final.jar;C:\Users\zhangdl\.m2\repository\com\fasterxml\classmate\1.3.4\classmate-1.3.4.jar;C:\Users\zhangdl\.m2\repository\com\fasterxml\jackson\core\jackson-databind\2.8.10\jackson-databind-2.8.10.jar;C:\Users\zhangdl\.m2\repository\org\springframework\spring-web\4.3.13.RELEASE\spring-web-4.3.13.RELEASE.jar;C:\Users\zhangdl\.m2\repository\org\springframework\spring-aop\4.3.13.RELEASE\spring-aop-4.3.13.RELEASE.jar;C:\Users\zhangdl\.m2\repository\org\springframework\spring-beans\4.3.13.RELEASE\spring-beans-4.3.13.RELEASE.jar;C:\Users\zhangdl\.m2\repository\org\springframework\spring-webmvc\4.3.13.RELEASE\spring-webmvc-4.3.13.RELEASE.jar;C:\Users\zhangdl\.m2\repository\org\springframework\spring-expression\4.3.13.RELEASE\spring-expression-4.3.13.RELEASE.jar;C:\Users\zhangdl\.m2\repository\org\springframework\boot\spring-boot-starter-test\1.5.9.RELEASE\spring-boot-starter-test-1.5.9.RELEASE.jar;C:\Users\zhangdl\.m2\repository\org\springframework\boot\spring-boot-test\1.5.9.RELEASE\spring-boot-test-1.5.9.RELEASE.jar;C:\Users\zhangdl\.m2\repository\org\springframework\boot\spring-boot-test-autoconfigure\1.5.9.RELEASE\spring-boot-test-autoconfigure-1.5.9.RELEASE.jar;C:\Users\zhangdl\.m2\repository\com\jayway\jsonpath\json-path\2.2.0\json-path-2.2.0.jar;C:\Users\zhangdl\.m2\repository\net\minidev\json-smart\2.2.1\json-smart-2.2.1.jar;C:\Users\zhangdl\.m2\repository\net\minidev\accessors-smart\1.1\accessors-smart-1.1.jar;C:\Users\zhangdl\.m2\repository\org\ow2\asm\asm\5.0.3\asm-5.0.3.jar;C:\Users\zhangdl\.m2\repository\junit\junit\4.12\junit-4.12.jar;C:\Users\zhangdl\.m2\repository\org\assertj\assertj-core\2.6.0\assertj-core-2.6.0.jar;C:\Users\zhangdl\.m2\repository\org\mockito\mockito-core\1.10.19\mockito-core-1.10.19.jar;C:\Users\zhangdl\.m2\repository\org\objenesis\objenesis\2.1\objenesis-2.1.jar;C:\Users\zhangdl\.m2\repository\org\hamcrest\hamcrest-core\1.3\hamcrest-core-1.3.jar;C:\Users\zhangdl\.m2\repository\org\hamcrest\hamcrest-library\1.3\hamcrest-library-1.3.jar;C:\Users\zhangdl\.m2\repository\org\skyscreamer\jsonassert\1.4.0\jsonassert-1.4.0.jar;C:\Users\zhangdl\.m2\repository\com\vaadin\external\google\android-json\0.0.20131108.vaadin1\android-json-0.0.20131108.vaadin1.jar;C:\Users\zhangdl\.m2\repository\org\springframework\spring-core\4.3.13.RELEASE\spring-core-4.3.13.RELEASE.jar;C:\Users\zhangdl\.m2\repository\org\springframework\spring-test\4.3.13.RELEASE\spring-test-4.3.13.RELEASE.jar;C:\Users\zhangdl\.m2\repository\org\springframework\cloud\spring-cloud-commons\1.3.2.RELEASE\spring-cloud-commons-1.3.2.RELEASE.jar;C:\Users\zhangdl\.m2\repository\org\springframework\security\spring-security-crypto\4.2.3.RELEASE\spring-security-crypto-4.2.3.RELEASE.jar;C:\Users\zhangdl\.m2\repository\org\apache\httpcomponents\httpclient\4.5.3\httpclient-4.5.3.jar;C:\Users\zhangdl\.m2\repository\org\apache\httpcomponents\httpcore\4.4.8\httpcore-4.4.8.jar;C:\Users\zhangdl\.m2\repository\com\alibaba\fastjson\1.2.4\fastjson-1.2.4.jar;C:\Users\zhangdl\.m2\repository\com\ceying\chx\ncyp-company-common\1.0-SNAPSHOT\ncyp-company-common-1.0-SNAPSHOT.jar;C:\Users\zhangdl\.m2\repository\org\springframework\spring-context\4.3.13.RELEASE\spring-context-4.3.13.RELEASE.jar;C:\Users\zhangdl\.m2\repository\org\springframework\boot\spring-boot-starter-data-redis\1.5.9.RELEASE\spring-boot-starter-data-redis-1.5.9.RELEASE.jar;C:\Users\zhangdl\.m2\repository\org\springframework\data\spring-data-redis\1.8.9.RELEASE\spring-data-redis-1.8.9.RELEASE.jar;C:\Users\zhangdl\.m2\repository\org\springframework\data\spring-data-keyvalue\1.2.9.RELEASE\spring-data-keyvalue-1.2.9.RELEASE.jar;C:\Users\zhangdl\.m2\repository\org\springframework\data\spring-data-commons\1.13.9.RELEASE\spring-data-commons-1.13.9.RELEASE.jar;C:\Users\zhangdl\.m2\repository\org\springframework\spring-tx\4.3.13.RELEASE\spring-tx-4.3.13.RELEASE.jar;C:\Users\zhangdl\.m2\repository\org\springframework\spring-oxm\4.3.13.RELEASE\spring-oxm-4.3.13.RELEASE.jar;C:\Users\zhangdl\.m2\repository\org\springframework\spring-context-support\4.3.13.RELEASE\spring-context-support-4.3.13.RELEASE.jar;C:\Users\zhangdl\.m2\repository\redis\clients\jedis\2.9.0\jedis-2.9.0.jar;C:\Users\zhangdl\.m2\repository\org\apache\commons\commons-pool2\2.4.3\commons-pool2-2.4.3.jar;C:\Users\zhangdl\.m2\repository\com\auth0\java-jwt\2.2.0\java-jwt-2.2.0.jar;C:\Users\zhangdl\.m2\repository\commons-io\commons-io\1.3.2\commons-io-1.3.2.jar;C:\Users\zhangdl\.m2\repository\io\jsonwebtoken\jjwt\0.7.0\jjwt-0.7.0.jar;C:\Users\zhangdl\.m2\repository\org\mybatis\mybatis\3.4.5\mybatis-3.4.5.jar;C:\Users\zhangdl\.m2\repository\log4j\log4j\1.2.17\log4j-1.2.17.jar;C:\Users\zhangdl\.m2\repository\commons-lang\commons-lang\2.4\commons-lang-2.4.jar;C:\Users\zhangdl\.m2\repository\commons-codec\commons-codec\1.10\commons-codec-1.10.jar;C:\Users\zhangdl\.m2\repository\javax\validation\validation-api\1.1.0.Final\validation-api-1.1.0.Final.jar;C:\Users\zhangdl\.m2\repository\org\apache\tomcat\embed\tomcat-embed-jasper\8.5.23\tomcat-embed-jasper-8.5.23.jar;C:\Users\zhangdl\.m2\repository\org\apache\tomcat\embed\tomcat-embed-core\8.5.23\tomcat-embed-core-8.5.23.jar;C:\Users\zhangdl\.m2\repository\org\apache\tomcat\tomcat-annotations-api\8.5.23\tomcat-annotations-api-8.5.23.jar;C:\Users\zhangdl\.m2\repository\org\apache\tomcat\embed\tomcat-embed-el\8.5.23\tomcat-embed-el-8.5.23.jar;C:\Users\zhangdl\.m2\repository\org\eclipse\jdt\ecj\3.12.3\ecj-3.12.3.jar;C:\Users\zhangdl\.m2\repository\org\springframework\boot\spring-boot-starter-tomcat\1.5.9.RELEASE\spring-boot-starter-tomcat-1.5.9.RELEASE.jar;C:\Users\zhangdl\.m2\repository\org\apache\tomcat\embed\tomcat-embed-websocket\8.5.23\tomcat-embed-websocket-8.5.23.jar;C:\Users\zhangdl\.m2\repository\javax\servlet\servlet-api\2.5\servlet-api-2.5.jar;C:\Users\zhangdl\.m2\repository\javax\servlet\jstl\1.2\jstl-1.2.jar;C:\Users\zhangdl\.m2\repository\org\springframework\session\spring-session\1.3.1.RELEASE\spring-session-1.3.1.RELEASE.jar;, java.specification.name=Java Platform API Specification, java.class.version=52.0, sun.management.compiler=HotSpot 64-Bit Tiered Compilers, os.version=10.0, user.home=C:\Users\zhangdl, user.timezone=Asia/Shanghai, java.awt.printerjob=sun.awt.windows.WPrinterJob, file.encoding=GBK, java.specification.version=1.8, java.class.path=E:\ceying\CeYingProject\spring-cloud\ncyp\ncyp-company\ncyp-company-front\target\test-classes;E:\ceying\CeYingProject\spring-cloud\ncyp\ncyp-company\ncyp-company-front\target\classes;C:\Users\zhangdl\.m2\repository\org\springframework\cloud\spring-cloud-starter-eureka\1.3.5.RELEASE\spring-cloud-starter-eureka-1.3.5.RELEASE.jar;C:\Users\zhangdl\.m2\repository\org\springframework\cloud\spring-cloud-starter\1.2.4.RELEASE\spring-cloud-starter-1.2.4.RELEASE.jar;C:\Users\zhangdl\.m2\repository\org\springframework\cloud\spring-cloud-context\1.2.4.RELEASE\spring-cloud-context-1.2.4.RELEASE.jar;C:\Users\zhangdl\.m2\repository\org\springframework\security\spring-security-rsa\1.0.3.RELEASE\spring-security-rsa-1.0.3.RELEASE.jar;C:\Users\zhangdl\.m2\repository\org\bouncycastle\bcpkix-jdk15on\1.55\bcpkix-jdk15on-1.55.jar;C:\Users\zhangdl\.m2\repository\org\bouncycastle\bcprov-jdk15on\1.55\bcprov-jdk15on-1.55.jar;C:\Users\zhangdl\.m2\repository\org\springframework\cloud\spring-cloud-netflix-core\1.3.5.RELEASE\spring-cloud-netflix-core-1.3.5.RELEASE.jar;C:\Users\zhangdl\.m2\repository\org\springframework\boot\spring-boot\1.5.9.RELEASE\spring-boot-1.5.9.RELEASE.jar;C:\Users\zhangdl\.m2\repository\org\springframework\boot\spring-boot-autoconfigure\1.5.9.RELEASE\spring-boot-autoconfigure-1.5.9.RELEASE.jar;C:\Users\zhangdl\.m2\repository\org\springframework\cloud\spring-cloud-netflix-eureka-client\1.3.5.RELEASE\spring-cloud-netflix-eureka-client-1.3.5.RELEASE.jar;C:\Users\zhangdl\.m2\repository\com\netflix\eureka\eureka-client\1.6.2\eureka-client-1.6.2.jar;C:\Users\zhangdl\.m2\repository\org\codehaus\jettison\jettison\1.3.7\jettison-1.3.7.jar;C:\Users\zhangdl\.m2\repository\stax\stax-api\1.0.1\stax-api-1.0.1.jar;C:\Users\zhangdl\.m2\repository\com\netflix\netflix-commons\netflix-eventbus\0.3.0\netflix-eventbus-0.3.0.jar;C:\Users\zhangdl\.m2\repository\com\netflix\netflix-commons\netflix-infix\0.3.0\netflix-infix-0.3.0.jar;C:\Users\zhangdl\.m2\repository\commons-jxpath\commons-jxpath\1.3\commons-jxpath-1.3.jar;C:\Users\zhangdl\.m2\repository\joda-time\joda-time\2.9.9\joda-time-2.9.9.jar;C:\Users\zhangdl\.m2\repository\org\antlr\antlr-runtime\3.4\antlr-runtime-3.4.jar;C:\Users\zhangdl\.m2\repository\org\antlr\stringtemplate\3.2.1\stringtemplate-3.2.1.jar;C:\Users\zhangdl\.m2\repository\antlr\antlr\2.7.7\antlr-2.7.7.jar;C:\Users\zhangdl\.m2\repository\com\google\code\gson\gson\2.8.2\gson-2.8.2.jar;C:\Users\zhangdl\.m2\repository\org\apache\commons\commons-math\2.2\commons-math-2.2.jar;C:\Users\zhangdl\.m2\repository\com\netflix\archaius\archaius-core\0.7.4\archaius-core-0.7.4.jar;C:\Users\zhangdl\.m2\repository\javax\ws\rs\jsr311-api\1.1.1\jsr311-api-1.1.1.jar;C:\Users\zhangdl\.m2\repository\com\netflix\servo\servo-core\0.10.1\servo-core-0.10.1.jar;C:\Users\zhangdl\.m2\repository\com\netflix\servo\servo-internal\0.10.1\servo-internal-0.10.1.jar;C:\Users\zhangdl\.m2\repository\com\sun\jersey\jersey-core\1.19.1\jersey-core-1.19.1.jar;C:\Users\zhangdl\.m2\repository\com\sun\jersey\jersey-client\1.19.1\jersey-client-1.19.1.jar;C:\Users\zhangdl\.m2\repository\com\sun\jersey\contribs\jersey-apache-client4\1.19.1\jersey-apache-client4-1.19.1.jar;C:\Users\zhangdl\.m2\repository\com\google\inject\guice\4.1.0\guice-4.1.0.jar;C:\Users\zhangdl\.m2\repository\aopalliance\aopalliance\1.0\aopalliance-1.0.jar;C:\Users\zhangdl\.m2\repository\com\fasterxml\jackson\core\jackson-annotations\2.8.0\jackson-annotations-2.8.0.jar;C:\Users\zhangdl\.m2\repository\com\fasterxml\jackson\core\jackson-core\2.8.10\jackson-core-2.8.10.jar;C:\Users\zhangdl\.m2\repository\com\netflix\eureka\eureka-core\1.6.2\eureka-core-1.6.2.jar;C:\Users\zhangdl\.m2\repository\org\codehaus\woodstox\woodstox-core-asl\4.4.1\woodstox-core-asl-4.4.1.jar;C:\Users\zhangdl\.m2\repository\javax\xml\stream\stax-api\1.0-2\stax-api-1.0-2.jar;C:\Users\zhangdl\.m2\repository\org\codehaus\woodstox\stax2-api\3.1.4\stax2-api-3.1.4.jar;C:\Users\zhangdl\.m2\repository\org\springframework\cloud\spring-cloud-starter-archaius\1.3.5.RELEASE\spring-cloud-starter-archaius-1.3.5.RELEASE.jar;C:\Users\zhangdl\.m2\repository\commons-configuration\commons-configuration\1.8\commons-configuration-1.8.jar;C:\Users\zhangdl\.m2\repository\com\google\guava\guava\18.0\guava-18.0.jar;C:\Users\zhangdl\.m2\repository\com\netflix\ribbon\ribbon-eureka\2.2.2\ribbon-eureka-2.2.2.jar;C:\Users\zhangdl\.m2\repository\org\slf4j\slf4j-api\1.7.25\slf4j-api-1.7.25.jar;C:\Users\zhangdl\.m2\repository\com\thoughtworks\xstream\xstream\1.4.9\xstream-1.4.9.jar;C:\Users\zhangdl\.m2\repository\xmlpull\xmlpull\1.1.3.1\xmlpull-1.1.3.1.jar;C:\Users\zhangdl\.m2\repository\xpp3\xpp3_min\1.1.4c\xpp3_min-1.1.4c.jar;C:\Users\zhangdl\.m2\repository\org\springframework\cloud\spring-cloud-starter-ribbon\1.3.5.RELEASE\spring-cloud-starter-ribbon-1.3.5.RELEASE.jar;C:\Users\zhangdl\.m2\repository\com\netflix\ribbon\ribbon\2.2.2\ribbon-2.2.2.jar;C:\Users\zhangdl\.m2\repository\com\netflix\ribbon\ribbon-transport\2.2.2\ribbon-transport-2.2.2.jar;C:\Users\zhangdl\.m2\repository\io\reactivex\rxnetty-contexts\0.4.9\rxnetty-contexts-0.4.9.jar;C:\Users\zhangdl\.m2\repository\io\reactivex\rxnetty-servo\0.4.9\rxnetty-servo-0.4.9.jar;C:\Users\zhangdl\.m2\repository\com\netflix\hystrix\hystrix-core\1.5.12\hystrix-core-1.5.12.jar;C:\Users\zhangdl\.m2\repository\org\hdrhistogram\HdrHistogram\2.1.9\HdrHistogram-2.1.9.jar;C:\Users\zhangdl\.m2\repository\javax\inject\javax.inject\1\javax.inject-1.jar;C:\Users\zhangdl\.m2\repository\io\reactivex\rxnetty\0.4.9\rxnetty-0.4.9.jar;C:\Users\zhangdl\.m2\repository\io\netty\netty-codec-http\4.0.27.Final\netty-codec-http-4.0.27.Final.jar;C:\Users\zhangdl\.m2\repository\io\netty\netty-codec\4.0.27.Final\netty-codec-4.0.27.Final.jar;C:\Users\zhangdl\.m2\repository\io\netty\netty-handler\4.0.27.Final\netty-handler-4.0.27.Final.jar;C:\Users\zhangdl\.m2\repository\io\netty\netty-transport-native-epoll\4.0.27.Final\netty-transport-native-epoll-4.0.27.Final.jar;C:\Users\zhangdl\.m2\repository\io\netty\netty-common\4.0.27.Final\netty-common-4.0.27.Final.jar;C:\Users\zhangdl\.m2\repository\io\netty\netty-buffer\4.0.27.Final\netty-buffer-4.0.27.Final.jar;C:\Users\zhangdl\.m2\repository\io\netty\netty-transport\4.0.27.Final\netty-transport-4.0.27.Final.jar;C:\Users\zhangdl\.m2\repository\com\netflix\ribbon\ribbon-core\2.2.2\ribbon-core-2.2.2.jar;C:\Users\zhangdl\.m2\repository\com\netflix\ribbon\ribbon-httpclient\2.2.2\ribbon-httpclient-2.2.2.jar;C:\Users\zhangdl\.m2\repository\commons-collections\commons-collections\3.2.2\commons-collections-3.2.2.jar;C:\Users\zhangdl\.m2\repository\com\netflix\netflix-commons\netflix-commons-util\0.1.1\netflix-commons-util-0.1.1.jar;C:\Users\zhangdl\.m2\repository\com\netflix\ribbon\ribbon-loadbalancer\2.2.2\ribbon-loadbalancer-2.2.2.jar;C:\Users\zhangdl\.m2\repository\com\netflix\netflix-commons\netflix-statistics\0.1.1\netflix-statistics-0.1.1.jar;C:\Users\zhangdl\.m2\repository\io\reactivex\rxjava\1.1.10\rxjava-1.1.10.jar;C:\Users\zhangdl\.m2\repository\org\springframework\boot\spring-boot-starter-web\1.5.9.RELEASE\spring-boot-starter-web-1.5.9.RELEASE.jar;C:\Users\zhangdl\.m2\repository\org\springframework\boot\spring-boot-starter\1.5.9.RELEASE\spring-boot-starter-1.5.9.RELEASE.jar;C:\Users\zhangdl\.m2\repository\org\springframework\boot\spring-boot-starter-logging\1.5.9.RELEASE\spring-boot-starter-logging-1.5.9.RELEASE.jar;C:\Users\zhangdl\.m2\repository\ch\qos\logback\logback-classic\1.1.11\logback-classic-1.1.11.jar;C:\Users\zhangdl\.m2\repository\ch\qos\logback\logback-core\1.1.11\logback-core-1.1.11.jar;C:\Users\zhangdl\.m2\repository\org\slf4j\jcl-over-slf4j\1.7.25\jcl-over-slf4j-1.7.25.jar;C:\Users\zhangdl\.m2\repository\org\slf4j\jul-to-slf4j\1.7.25\jul-to-slf4j-1.7.25.jar;C:\Users\zhangdl\.m2\repository\org\slf4j\log4j-over-slf4j\1.7.25\log4j-over-slf4j-1.7.25.jar;C:\Users\zhangdl\.m2\repository\org\yaml\snakeyaml\1.17\snakeyaml-1.17.jar;C:\Users\zhangdl\.m2\repository\org\hibernate\hibernate-validator\5.3.6.Final\hibernate-validator-5.3.6.Final.jar;C:\Users\zhangdl\.m2\repository\org\jboss\logging\jboss-logging\3.3.1.Final\jboss-logging-3.3.1.Final.jar;C:\Users\zhangdl\.m2\repository\com\fasterxml\classmate\1.3.4\classmate-1.3.4.jar;C:\Users\zhangdl\.m2\repository\com\fasterxml\jackson\core\jackson-databind\2.8.10\jackson-databind-2.8.10.jar;C:\Users\zhangdl\.m2\repository\org\springframework\spring-web\4.3.13.RELEASE\spring-web-4.3.13.RELEASE.jar;C:\Users\zhangdl\.m2\repository\org\springframework\spring-aop\4.3.13.RELEASE\spring-aop-4.3.13.RELEASE.jar;C:\Users\zhangdl\.m2\repository\org\springframework\spring-beans\4.3.13.RELEASE\spring-beans-4.3.13.RELEASE.jar;C:\Users\zhangdl\.m2\repository\org\springframework\spring-webmvc\4.3.13.RELEASE\spring-webmvc-4.3.13.RELEASE.jar;C:\Users\zhangdl\.m2\repository\org\springframework\spring-expression\4.3.13.RELEASE\spring-expression-4.3.13.RELEASE.jar;C:\Users\zhangdl\.m2\repository\org\springframework\boot\spring-boot-starter-test\1.5.9.RELEASE\spring-boot-starter-test-1.5.9.RELEASE.jar;C:\Users\zhangdl\.m2\repository\org\springframework\boot\spring-boot-test\1.5.9.RELEASE\spring-boot-test-1.5.9.RELEASE.jar;C:\Users\zhangdl\.m2\repository\org\springframework\boot\spring-boot-test-autoconfigure\1.5.9.RELEASE\spring-boot-test-autoconfigure-1.5.9.RELEASE.jar;C:\Users\zhangdl\.m2\repository\com\jayway\jsonpath\json-path\2.2.0\json-path-2.2.0.jar;C:\Users\zhangdl\.m2\repository\net\minidev\json-smart\2.2.1\json-smart-2.2.1.jar;C:\Users\zhangdl\.m2\repository\net\minidev\accessors-smart\1.1\accessors-smart-1.1.jar;C:\Users\zhangdl\.m2\repository\org\ow2\asm\asm\5.0.3\asm-5.0.3.jar;C:\Users\zhangdl\.m2\repository\junit\junit\4.12\junit-4.12.jar;C:\Users\zhangdl\.m2\repository\org\assertj\assertj-core\2.6.0\assertj-core-2.6.0.jar;C:\Users\zhangdl\.m2\repository\org\mockito\mockito-core\1.10.19\mockito-core-1.10.19.jar;C:\Users\zhangdl\.m2\repository\org\objenesis\objenesis\2.1\objenesis-2.1.jar;C:\Users\zhangdl\.m2\repository\org\hamcrest\hamcrest-core\1.3\hamcrest-core-1.3.jar;C:\Users\zhangdl\.m2\repository\org\hamcrest\hamcrest-library\1.3\hamcrest-library-1.3.jar;C:\Users\zhangdl\.m2\repository\org\skyscreamer\jsonassert\1.4.0\jsonassert-1.4.0.jar;C:\Users\zhangdl\.m2\repository\com\vaadin\external\google\android-json\0.0.20131108.vaadin1\android-json-0.0.20131108.vaadin1.jar;C:\Users\zhangdl\.m2\repository\org\springframework\spring-core\4.3.13.RELEASE\spring-core-4.3.13.RELEASE.jar;C:\Users\zhangdl\.m2\repository\org\springframework\spring-test\4.3.13.RELEASE\spring-test-4.3.13.RELEASE.jar;C:\Users\zhangdl\.m2\repository\org\springframework\cloud\spring-cloud-commons\1.3.2.RELEASE\spring-cloud-commons-1.3.2.RELEASE.jar;C:\Users\zhangdl\.m2\repository\org\springframework\security\spring-security-crypto\4.2.3.RELEASE\spring-security-crypto-4.2.3.RELEASE.jar;C:\Users\zhangdl\.m2\repository\org\apache\httpcomponents\httpclient\4.5.3\httpclient-4.5.3.jar;C:\Users\zhangdl\.m2\repository\org\apache\httpcomponents\httpcore\4.4.8\httpcore-4.4.8.jar;C:\Users\zhangdl\.m2\repository\com\alibaba\fastjson\1.2.4\fastjson-1.2.4.jar;C:\Users\zhangdl\.m2\repository\com\ceying\chx\ncyp-company-common\1.0-SNAPSHOT\ncyp-company-common-1.0-SNAPSHOT.jar;C:\Users\zhangdl\.m2\repository\org\springframework\spring-context\4.3.13.RELEASE\spring-context-4.3.13.RELEASE.jar;C:\Users\zhangdl\.m2\repository\org\springframework\boot\spring-boot-starter-data-redis\1.5.9.RELEASE\spring-boot-starter-data-redis-1.5.9.RELEASE.jar;C:\Users\zhangdl\.m2\repository\org\springframework\data\spring-data-redis\1.8.9.RELEASE\spring-data-redis-1.8.9.RELEASE.jar;C:\Users\zhangdl\.m2\repository\org\springframework\data\spring-data-keyvalue\1.2.9.RELEASE\spring-data-keyvalue-1.2.9.RELEASE.jar;C:\Users\zhangdl\.m2\repository\org\springframework\data\spring-data-commons\1.13.9.RELEASE\spring-data-commons-1.13.9.RELEASE.jar;C:\Users\zhangdl\.m2\repository\org\springframework\spring-tx\4.3.13.RELEASE\spring-tx-4.3.13.RELEASE.jar;C:\Users\zhangdl\.m2\repository\org\springframework\spring-oxm\4.3.13.RELEASE\spring-oxm-4.3.13.RELEASE.jar;C:\Users\zhangdl\.m2\repository\org\springframework\spring-context-support\4.3.13.RELEASE\spring-context-support-4.3.13.RELEASE.jar;C:\Users\zhangdl\.m2\repository\redis\clients\jedis\2.9.0\jedis-2.9.0.jar;C:\Users\zhangdl\.m2\repository\org\apache\commons\commons-pool2\2.4.3\commons-pool2-2.4.3.jar;C:\Users\zhangdl\.m2\repository\com\auth0\java-jwt\2.2.0\java-jwt-2.2.0.jar;C:\Users\zhangdl\.m2\repository\commons-io\commons-io\1.3.2\commons-io-1.3.2.jar;C:\Users\zhangdl\.m2\repository\io\jsonwebtoken\jjwt\0.7.0\jjwt-0.7.0.jar;C:\Users\zhangdl\.m2\repository\org\mybatis\mybatis\3.4.5\mybatis-3.4.5.jar;C:\Users\zhangdl\.m2\repository\log4j\log4j\1.2.17\log4j-1.2.17.jar;C:\Users\zhangdl\.m2\repository\commons-lang\commons-lang\2.4\commons-lang-2.4.jar;C:\Users\zhangdl\.m2\repository\commons-codec\commons-codec\1.10\commons-codec-1.10.jar;C:\Users\zhangdl\.m2\repository\javax\validation\validation-api\1.1.0.Final\validation-api-1.1.0.Final.jar;C:\Users\zhangdl\.m2\repository\org\apache\tomcat\embed\tomcat-embed-jasper\8.5.23\tomcat-embed-jasper-8.5.23.jar;C:\Users\zhangdl\.m2\repository\org\apache\tomcat\embed\tomcat-embed-core\8.5.23\tomcat-embed-core-8.5.23.jar;C:\Users\zhangdl\.m2\repository\org\apache\tomcat\tomcat-annotations-api\8.5.23\tomcat-annotations-api-8.5.23.jar;C:\Users\zhangdl\.m2\repository\org\apache\tomcat\embed\tomcat-embed-el\8.5.23\tomcat-embed-el-8.5.23.jar;C:\Users\zhangdl\.m2\repository\org\eclipse\jdt\ecj\3.12.3\ecj-3.12.3.jar;C:\Users\zhangdl\.m2\repository\org\springframework\boot\spring-boot-starter-tomcat\1.5.9.RELEASE\spring-boot-starter-tomcat-1.5.9.RELEASE.jar;C:\Users\zhangdl\.m2\repository\org\apache\tomcat\embed\tomcat-embed-websocket\8.5.23\tomcat-embed-websocket-8.5.23.jar;C:\Users\zhangdl\.m2\repository\javax\servlet\servlet-api\2.5\servlet-api-2.5.jar;C:\Users\zhangdl\.m2\repository\javax\servlet\jstl\1.2\jstl-1.2.jar;C:\Users\zhangdl\.m2\repository\org\springframework\session\spring-session\1.3.1.RELEASE\spring-session-1.3.1.RELEASE.jar;, user.name=zhangdl, java.vm.specification.version=1.8, sun.java.command=E:\ceying\CeYingProject\spring-cloud\ncyp\ncyp-company\ncyp-company-front\target\surefire\surefirebooter531193008672879427.jar E:\ceying\CeYingProject\spring-cloud\ncyp\ncyp-company\ncyp-company-front\target\surefire\surefire6938078705551643779tmp E:\ceying\CeYingProject\spring-cloud\ncyp\ncyp-company\ncyp-company-front\target\surefire\surefire_04688283204229678830tmp, java.home=C:\Program Files\Java\jdk1.8.0_131\jre, sun.arch.data.model=64, user.language=zh, java.specification.vendor=Oracle Corporation, awt.toolkit=sun.awt.windows.WToolkit, java.vm.info=mixed mode, java.version=1.8.0_131, java.ext.dirs=C:\Program Files\Java\jdk1.8.0_131\jre\lib\ext;C:\WINDOWS\Sun\Java\lib\ext, sun.boot.class.path=C:\Program Files\Java\jdk1.8.0_131\jre\lib\resources.jar;C:\Program Files\Java\jdk1.8.0_131\jre\lib\rt.jar;C:\Program Files\Java\jdk1.8.0_131\jre\lib\sunrsasign.jar;C:\Program Files\Java\jdk1.8.0_131\jre\lib\jsse.jar;C:\Program Files\Java\jdk1.8.0_131\jre\lib\jce.jar;C:\Program Files\Java\jdk1.8.0_131\jre\lib\charsets.jar;C:\Program Files\Java\jdk1.8.0_131\jre\lib\jfr.jar;C:\Program Files\Java\jdk1.8.0_131\jre\classes, java.vendor=Oracle Corporation, localRepository=C:\Users\zhangdl\.m2\repository, file.separator=\, java.vendor.url.bug=http://bugreport.sun.com/bugreport/, sun.io.unicode.encoding=UnicodeLittle, sun.cpu.endian=little, sun.desktop=windows, sun.cpu.isalist=amd64}}, SystemEnvironmentPropertySource@572191680 {name='systemEnvironment', properties={PATH=E:\app\zhangdl\product\11.2.0\dbhome_1\bin;C:\ProgramData\Oracle\Java\javapath;C:\Program Files (x86)\Intel\iCLS Client\;C:\Program Files\Intel\iCLS Client\;C:\Windows\system32;C:\Windows;C:\Windows\System32\Wbem;C:\Windows\System32\WindowsPowerShell\v1.0\;C:\Program Files (x86)\NVIDIA Corporation\PhysX\Common;C:\Program Files (x86)\Intel\Intel(R) Management Engine Components\DAL;C:\Program Files\Intel\Intel(R) Management Engine Components\DAL;C:\Program Files (x86)\Intel\Intel(R) Management Engine Components\IPT;C:\Program Files\Intel\Intel(R) Management Engine Components\IPT;C:\Program Files\Java\apache-maven-3.5.0\bin;C:\Program Files\Git\cmd;C:\Program Files\Java\jdk1.8.0_131\bin;C:\Program Files\Oracle\Client\Instant Client\bin;C:\Program Files (x86)\Tuxedo\bin;C:\Program Files\Oracle\Client\OraClient Lite\product\11.2.0\client_lite\bin;C:\Program Files (x86)\Oracle\Tuxedo\bin;C:\Program Files\TortoiseSVN\bin;C:\Program Files\nodejs\;C:\WINDOWS\system32;C:\WINDOWS;C:\WINDOWS\System32\Wbem;C:\WINDOWS\System32\WindowsPowerShell\v1.0\;C:\Program Files\Mysql\mysql\mysql-5.6.24-win32\bin;C:\Program Files\MySQL\MySQL Utilities 1.6\;C:\Program Files\Mysql\MySQL Server 5.7\bin;C:\Users\zhangdl\AppData\Local\atom\bin;C:\Users\zhangdl\AppData\Roaming\npm;C:\Users\zhangdl\AppData\Local\Microsoft\WindowsApps;C:\Program Files (x86)\Nmap, USERDOMAIN_ROAMINGPROFILE=DESKTOP-T3SJHTA, LOCALAPPDATA=C:\Users\zhangdl\AppData\Local, PROCESSOR_LEVEL=6, SYSTEMDRIVE=C:, COMMONPROGRAMFILES(X86)=C:\Program Files (x86)\Common Files, USERDOMAIN=DESKTOP-T3SJHTA, LOGONSERVER=\\DESKTOP-T3SJHTA, JAVA_HOME=C:\Program Files\Java\jdk1.8.0_131, PROMPT=$P$G, ALLUSERSPROFILE=C:\ProgramData, PROGRAMFILES(X86)=C:\Program Files (x86), PROCESSOR_ARCHITECTURE=AMD64, __COMPAT_LAYER=RunAsAdmin, ERLANG_HOME=C:\Program Files\erl9.0, =E:=E:\ceying\CeYingProject\spring-cloud\ncyp\ncyp-company\ncyp-company-front, MAVEN_HOME=C:\Program Files\Java\apache-maven-3.5.0, PROGRAMFILES=C:\Program Files, APPDATA=C:\Users\zhangdl\AppData\Roaming, PSMODULEPATH=C:\Program Files\WindowsPowerShell\Modules;C:\WINDOWS\system32\WindowsPowerShell\v1.0\Modules, PROGRAMW6432=C:\Program Files, PROGRAMDATA=C:\ProgramData, SYSTEMROOT=C:\WINDOWS, USERNAME=zhangdl, ONEDRIVE=C:\Users\zhangdl\OneDrive, PATHEXT=.COM;.EXE;.BAT;.CMD;.VBS;.VBE;.JS;.JSE;.WSF;.WSH;.MSC, OS=Windows_NT, COMMONPROGRAMW6432=C:\Program Files\Common Files, COMPUTERNAME=DESKTOP-T3SJHTA, COMMONPROGRAMFILES=C:\Program Files\Common Files, COMSPEC=C:\WINDOWS\system32\cmd.exe, WSNADDR=//127.0.0.1:8088, PROCESSOR_REVISION=9e09, CLASSPATH=.;C:\Program Files\Java\jdk1.8.0_131\lib\dt.jar;C:\Program Files\Java\jdk1.8.0_131\lib\tools.jar;, NLS_LANG=SIMPLIFIED CHINESE_CHINA.ZHS16GBK, WINDIR=C:\WINDOWS, RABBITMQ_SERVER=C:\Program Files\Java\RabbitMQ\rabbitmq_server-3.7.3, HOMEPATH=\Users\zhangdl, TEMP=C:\Users\zhangdl\AppData\Local\Temp, MYSQL_HOME=C:\Program Files\Mysql\MySQL Server 5.7, HOMEDRIVE=C:, PROCESSOR_IDENTIFIER=Intel64 Family 6 Model 158 Stepping 9, GenuineIntel, USERPROFILE=C:\Users\zhangdl, TMP=C:\Users\zhangdl\AppData\Local\Temp, PUBLIC=C:\Users\Public, NUMBER_OF_PROCESSORS=8, TUXDIR=C:\Program Files (x86)\Oracle\Tuxedo\}}]
12:33:04.315 [main] DEBUG org.springframework.core.io.support.PathMatchingResourcePatternResolver - Resolved classpath location [com/ceying/chx/] to resources [URL [file:/E:/ceying/CeYingProject/spring-cloud/ncyp/ncyp-company/ncyp-company-front/target/test-classes/com/ceying/chx/], URL [file:/E:/ceying/CeYingProject/spring-cloud/ncyp/ncyp-company/ncyp-company-front/target/classes/com/ceying/chx/], URL [jar:file:/C:/Users/zhangdl/.m2/repository/com/ceying/chx/ncyp-company-common/1.0-SNAPSHOT/ncyp-company-common-1.0-SNAPSHOT.jar!/com/ceying/chx/]]
12:33:04.315 [main] DEBUG org.springframework.core.io.support.PathMatchingResourcePatternResolver - Looking for matching resources in directory tree [E:\ceying\CeYingProject\spring-cloud\ncyp\ncyp-company\ncyp-company-front\target\test-classes\com\ceying\chx]
12:33:04.315 [main] DEBUG org.springframework.core.io.support.PathMatchingResourcePatternResolver - Searching directory [E:\ceying\CeYingProject\spring-cloud\ncyp\ncyp-company\ncyp-company-front\target\test-classes\com\ceying\chx] for files matching pattern [E:/ceying/CeYingProject/spring-cloud/ncyp/ncyp-company/ncyp-company-front/target/test-classes/com/ceying/chx/*.class]
12:33:04.315 [main] DEBUG org.springframework.core.io.support.PathMatchingResourcePatternResolver - Looking for matching resources in directory tree [E:\ceying\CeYingProject\spring-cloud\ncyp\ncyp-company\ncyp-company-front\target\classes\com\ceying\chx]
12:33:04.315 [main] DEBUG org.springframework.core.io.support.PathMatchingResourcePatternResolver - Searching directory [E:\ceying\CeYingProject\spring-cloud\ncyp\ncyp-company\ncyp-company-front\target\classes\com\ceying\chx] for files matching pattern [E:/ceying/CeYingProject/spring-cloud/ncyp/ncyp-company/ncyp-company-front/target/classes/com/ceying/chx/*.class]
12:33:04.316 [main] DEBUG org.springframework.core.io.support.PathMatchingResourcePatternResolver - Looking for matching resources in jar file [file:/C:/Users/zhangdl/.m2/repository/com/ceying/chx/ncyp-company-common/1.0-SNAPSHOT/ncyp-company-common-1.0-SNAPSHOT.jar]
12:33:04.318 [main] DEBUG org.springframework.core.io.support.PathMatchingResourcePatternResolver - Resolved location pattern [classpath*:com/ceying/chx/*.class] to resources [file [E:\ceying\CeYingProject\spring-cloud\ncyp\ncyp-company\ncyp-company-front\target\test-classes\com\ceying\chx\NcypBankFrontApplicationTests.class], file [E:\ceying\CeYingProject\spring-cloud\ncyp\ncyp-company\ncyp-company-front\target\classes\com\ceying\chx\NcypBankFrontApplication.class], URL [jar:file:/C:/Users/zhangdl/.m2/repository/com/ceying/chx/ncyp-company-common/1.0-SNAPSHOT/ncyp-company-common-1.0-SNAPSHOT.jar!/com/ceying/chx/NcypBankCommonApplication.class]]
12:33:04.320 [main] DEBUG org.springframework.context.annotation.ClassPathScanningCandidateComponentProvider - Identified candidate component class: file [E:\ceying\CeYingProject\spring-cloud\ncyp\ncyp-company\ncyp-company-front\target\classes\com\ceying\chx\NcypBankFrontApplication.class]
12:33:04.323 [main] DEBUG org.springframework.context.annotation.ClassPathScanningCandidateComponentProvider - Identified candidate component class: URL [jar:file:/C:/Users/zhangdl/.m2/repository/com/ceying/chx/ncyp-company-common/1.0-SNAPSHOT/ncyp-company-common-1.0-SNAPSHOT.jar!/com/ceying/chx/NcypBankCommonApplication.class]
]]></system-out>
  </testcase>
</testsuite>